#
# A fatal error has been detected by the Java Runtime Environment:
#
#  EXCEPTION_ACCESS_VIOLATION (0xc0000005) at pc=0x000000000389b61a, pid=6432, tid=0x0000000000002070
#
# JRE version: Java(TM) SE Runtime Environment (8.0_211-b12) (build 1.8.0_211-b12)
# Java VM: Java HotSpot(TM) 64-Bit Server VM (25.211-b12 mixed mode windows-amd64 compressed oops)
# Problematic frame:
# J 4841 C1 org.hibernate.validator.internal.metadata.aggregated.MetaDataBuilder.adaptOriginsAndImplicitGroups(Ljava/util/Set;)Ljava/util/Set; (49 bytes) @ 0x000000000389b61a [0x000000000389afe0+0x63a]
#
# Failed to write core dump. Minidumps are not enabled by default on client versions of Windows
#
# If you would like to submit a bug report, please visit:
#   http://bugreport.java.com/bugreport/crash.jsp
#

---------------  T H R E A D  ---------------

Current thread (0x00000000020ff000):  JavaThread "main" [_thread_in_Java, id=8304, stack(0x00000000025f0000,0x00000000026f0000)]

siginfo: ExceptionCode=0xc0000005, writing address 0x0000000000000010

Registers:
RAX=0x0000000791fb5b10, RBX=0x000000000000000e, RCX=0x000000000e480000, RDX=0x00000007c02675e0
RSP=0x00000000026ed1e0, RBP=0x00000000026ed320, RSI=0x0000000022791190, RDI=0x00000007c02675e0
R8 =0x0000000000000010, R9 =0x000000000000000f, R10=0x00000000f23fdf1b, R11=0x00000000f23f6b62
R12=0x0000000000000000, R13=0x000000000000000e, R14=0x0000000000000000, R15=0x00000000020ff000
RIP=0x000000000389b61a, EFLAGS=0x0000000000010202

Top of Stack: (sp=0x00000000026ed1e0)
0x00000000026ed1e0:   00000000026ed320 000000000330334c
0x00000000026ed1f0:   00000000026ed320 0000000791ffeb80
0x00000000026ed200:   0000000791ffebe0 00000000029c835d
0x00000000026ed210:   0000000000000001 0000000000000000
0x00000000026ed220:   00000000026ed320 00000000035ae15c
0x00000000026ed230:   00000000026ed2c8 0000000003584fc0
0x00000000026ed240:   00000000026ed2c8 00000000029c835d
0x00000000026ed250:   00000000029c835d 00000007204bda60
0x00000000026ed260:   000000072048bf10 0000000791fef780
0x00000000026ed270:   0000000791ffeca0 0000000791ffecf0
0x00000000026ed280:   0000000791ffeb80 0000000791ffebc0
0x00000000026ed290:   00000000026ed320 00000000029c80e0
0x00000000026ed2a0:   000000001cb04768 00000000029c80e0
0x00000000026ed2b0:   0000000791fef7c0 0000000791fef780
0x00000000026ed2c0:   000000072001c178 00000007200022f0
0x00000000026ed2d0:   0000000791ffec78 0000000791ffec78 

Instructions: (pc=0x000000000389b61a)
0x000000000389b5fa:   48 81 be d0 01 00 00 00 00 00 00 75 17 48 89 be
0x000000000389b60a:   d0 01 00 00 48 c7 86 d8 01 00 00 01 00 00 00 e9
0x000000000389b61a:   45 00 00 00 48 81 be e0 01 00 00 00 00 00 00 75
0x000000000389b62a:   17 48 89 be e0 01 00 00 48 c7 86 e8 01 00 00 01 


Register to memory mapping:

RAX=0x0000000791fb5b10 is an oop
org.hibernate.validator.internal.metadata.core.MetaConstraint 
 - klass: 'org/hibernate/validator/internal/metadata/core/MetaConstraint'
RBX=0x000000000000000e is an unknown value
RCX=0x000000000e480000 is an unknown value
RDX=0x00000007c02675e0 is pointing into metadata
RSP=0x00000000026ed1e0 is pointing into the stack for thread: 0x00000000020ff000
RBP=0x00000000026ed320 is pointing into the stack for thread: 0x00000000020ff000
RSI=0x0000000022791190 is pointing into metadata
RDI=0x00000007c02675e0 is pointing into metadata
R8 =0x0000000000000010 is an unknown value
R9 =0x000000000000000f is an unknown value
R10=0x00000000f23fdf1b is an unknown value
R11=0x00000000f23f6b62 is an unknown value
R12=0x0000000000000000 is an unknown value
R13=0x000000000000000e is an unknown value
R14=0x0000000000000000 is an unknown value
R15=0x00000000020ff000 is a thread


Stack: [0x00000000025f0000,0x00000000026f0000],  sp=0x00000000026ed1e0,  free space=1012k
Native frames: (J=compiled Java code, j=interpreted, Vv=VM code, C=native code)
C  0x000000000389b61a


---------------  P R O C E S S  ---------------

Java Threads: ( => current thread )
  0x000000001f0bd000 JavaThread "HikariPool-1 connection adder" daemon [_thread_blocked, id=8368, stack(0x0000000021260000,0x0000000021360000)]
  0x000000001b733800 JavaThread "HikariPool-1 housekeeper" daemon [_thread_blocked, id=2388, stack(0x0000000022060000,0x0000000022160000)]
  0x000000001bb63000 JavaThread "Abandoned connection cleanup thread" daemon [_thread_blocked, id=3320, stack(0x0000000021890000,0x0000000021990000)]
  0x000000001b816000 JavaThread "container-0" [_thread_blocked, id=7300, stack(0x0000000021700000,0x0000000021800000)]
  0x000000001dba6800 JavaThread "ContainerBackgroundProcessor[StandardEngine[Tomcat]]" daemon [_thread_blocked, id=5536, stack(0x00000000214b0000,0x00000000215b0000)]
  0x000000001e012000 JavaThread "localhost-startStop-1" daemon [_thread_blocked, id=5788, stack(0x00000000213a0000,0x00000000214a0000)]
  0x000000001e011800 JavaThread "Tomcat-startStop-1" daemon [_thread_blocked, id=8640, stack(0x000000001cbc0000,0x000000001ccc0000)]
  0x0000000019e5e000 JavaThread "Service Thread" daemon [_thread_blocked, id=8764, stack(0x000000001ab90000,0x000000001ac90000)]
  0x0000000019df5000 JavaThread "C1 CompilerThread2" daemon [_thread_blocked, id=3232, stack(0x000000001a960000,0x000000001aa60000)]
  0x000000001890d800 JavaThread "C2 CompilerThread1" daemon [_thread_in_native, id=3964, stack(0x000000001a790000,0x000000001a890000)]
  0x0000000018908000 JavaThread "C2 CompilerThread0" daemon [_thread_blocked, id=7820, stack(0x000000001a520000,0x000000001a620000)]
  0x0000000019de9800 JavaThread "Attach Listener" daemon [_thread_blocked, id=7672, stack(0x000000001a1e0000,0x000000001a2e0000)]
  0x0000000019de6800 JavaThread "Signal Dispatcher" daemon [_thread_blocked, id=4116, stack(0x000000001a390000,0x000000001a490000)]
  0x00000000188f1800 JavaThread "Finalizer" daemon [_thread_blocked, id=7372, stack(0x0000000019ce0000,0x0000000019de0000)]
  0x00000000188aa800 JavaThread "Reference Handler" daemon [_thread_blocked, id=4592, stack(0x0000000019b30000,0x0000000019c30000)]
=>0x00000000020ff000 JavaThread "main" [_thread_in_Java, id=8304, stack(0x00000000025f0000,0x00000000026f0000)]

Other Threads:
  0x00000000188a3000 VMThread [stack: 0x0000000019a00000,0x0000000019b00000] [id=5608]
  0x0000000019eb8800 WatcherThread [stack: 0x000000001aa70000,0x000000001ab70000] [id=9204]

VM state:not at safepoint (normal execution)

VM Mutex/Monitor currently owned by a thread: None

heap address: 0x0000000720000000, size: 2560 MB, Compressed Oops mode: Zero based, Oop shift amount: 3
Narrow klass base: 0x0000000000000000, Narrow klass shift: 3
Compressed class space size: 1073741824 Address: 0x00000007c0000000

Heap:
 PSYoungGen      total 195584K, used 126478K [0x000000078ab00000, 0x0000000797f80000, 0x00000007c0000000)
  eden space 185856K, 64% used [0x000000078ab00000,0x00000007920b8898,0x0000000796080000)
  from space 9728K, 60% used [0x0000000797600000,0x0000000797bcb210,0x0000000797f80000)
  to   space 15872K, 0% used [0x0000000796080000,0x0000000796080000,0x0000000797000000)
 ParOldGen       total 110592K, used 20410K [0x0000000720000000, 0x0000000726c00000, 0x000000078ab00000)
  object space 110592K, 18% used [0x0000000720000000,0x00000007213eea48,0x0000000726c00000)
 Metaspace       used 48150K, capacity 49856K, committed 50344K, reserved 1093632K
  class space    used 6384K, capacity 6730K, committed 6824K, reserved 1048576K

Card table byte_map: [0x0000000011d80000,0x0000000012290000] byte_map_base: 0x000000000e480000

Marking Bits: (ParMarkBitMap*) 0x0000000058545ce0
 Begin Bits: [0x0000000012a10000, 0x0000000015210000)
 End Bits:   [0x0000000015210000, 0x0000000017a10000)

Polling page: 0x0000000000340000

CodeCache: size=245760Kb used=15209Kb max_used=15220Kb free=230550Kb
 bounds [0x00000000029c0000, 0x00000000038b0000, 0x00000000119c0000]
 total_blobs=4802 nmethods=4257 adapters=457
 compilation: enabled

Compilation events (10 events):
Event: 11.366 Thread 0x0000000019df5000 nmethod 4859 0x00000000038a1610 code [0x00000000038a17c0, 0x00000000038a1d48]
Event: 11.366 Thread 0x0000000019df5000 4854       3       org.hibernate.validator.internal.engine.valueextraction.ValueExtractorResolver::lambda$getRuntimeCompliantValueExtractors$3 (9 bytes)
Event: 11.366 Thread 0x0000000019df5000 nmethod 4854 0x00000000038a4210 code [0x00000000038a4380, 0x00000000038a4588]
Event: 11.366 Thread 0x0000000019df5000 4858       1       java.lang.reflect.Constructor::getSignature (5 bytes)
Event: 11.366 Thread 0x0000000019df5000 nmethod 4858 0x00000000038a3f50 code [0x00000000038a40a0, 0x00000000038a41b0]
Event: 11.366 Thread 0x000000001890d800 4860       4       sun.reflect.annotation.AnnotationParser::parseMemberValue (162 bytes)
Event: 11.368 Thread 0x0000000018908000 4861       4       java.lang.String::isEmpty (14 bytes)
Event: 11.368 Thread 0x0000000018908000 nmethod 4861 0x00000000038a3d10 code [0x00000000038a3e40, 0x00000000038a3eb8]
Event: 11.368 Thread 0x0000000018908000 4862       4       java.util.Objects::requireNonNull (15 bytes)
Event: 11.369 Thread 0x0000000018908000 nmethod 4862 0x00000000038a1410 code [0x00000000038a1540, 0x00000000038a1598]

GC Heap History (10 events):
Event: 4.077 GC heap before
{Heap before GC invocations=6 (full 1):
 PSYoungGen      total 88576K, used 81920K [0x000000078ab00000, 0x0000000790800000, 0x00000007c0000000)
  eden space 81920K, 100% used [0x000000078ab00000,0x000000078fb00000,0x000000078fb00000)
  from space 6656K, 0% used [0x0000000790180000,0x0000000790180000,0x0000000790800000)
  to   space 6656K, 0% used [0x000000078fb00000,0x000000078fb00000,0x0000000790180000)
 ParOldGen       total 65536K, used 6197K [0x0000000720000000, 0x0000000724000000, 0x000000078ab00000)
  object space 65536K, 9% used [0x0000000720000000,0x000000072060d438,0x0000000724000000)
 Metaspace       used 25500K, capacity 26172K, committed 26368K, reserved 1073152K
  class space    used 3335K, capacity 3508K, committed 3584K, reserved 1048576K
Event: 4.088 GC heap after
Heap after GC invocations=6 (full 1):
 PSYoungGen      total 88576K, used 6631K [0x000000078ab00000, 0x0000000793b80000, 0x00000007c0000000)
  eden space 81920K, 0% used [0x000000078ab00000,0x000000078ab00000,0x000000078fb00000)
  from space 6656K, 99% used [0x000000078fb00000,0x0000000790179d50,0x0000000790180000)
  to   space 10240K, 0% used [0x0000000793180000,0x0000000793180000,0x0000000793b80000)
 ParOldGen       total 65536K, used 9256K [0x0000000720000000, 0x0000000724000000, 0x000000078ab00000)
  object space 65536K, 14% used [0x0000000720000000,0x000000072090a3d0,0x0000000724000000)
 Metaspace       used 25500K, capacity 26172K, committed 26368K, reserved 1073152K
  class space    used 3335K, capacity 3508K, committed 3584K, reserved 1048576K
}
Event: 5.547 GC heap before
{Heap before GC invocations=7 (full 1):
 PSYoungGen      total 88576K, used 88551K [0x000000078ab00000, 0x0000000793b80000, 0x00000007c0000000)
  eden space 81920K, 100% used [0x000000078ab00000,0x000000078fb00000,0x000000078fb00000)
  from space 6656K, 99% used [0x000000078fb00000,0x0000000790179d50,0x0000000790180000)
  to   space 10240K, 0% used [0x0000000793180000,0x0000000793180000,0x0000000793b80000)
 ParOldGen       total 65536K, used 9256K [0x0000000720000000, 0x0000000724000000, 0x000000078ab00000)
  object space 65536K, 14% used [0x0000000720000000,0x000000072090a3d0,0x0000000724000000)
 Metaspace       used 29092K, capacity 30034K, committed 30208K, reserved 1075200K
  class space    used 3830K, capacity 4061K, committed 4096K, reserved 1048576K
Event: 5.583 GC heap after
Heap after GC invocations=7 (full 1):
 PSYoungGen      total 135168K, used 10213K [0x000000078ab00000, 0x0000000794100000, 0x00000007c0000000)
  eden space 124928K, 0% used [0x000000078ab00000,0x000000078ab00000,0x0000000792500000)
  from space 10240K, 99% used [0x0000000793180000,0x0000000793b794d0,0x0000000793b80000)
  to   space 12800K, 0% used [0x0000000792500000,0x0000000792500000,0x0000000793180000)
 ParOldGen       total 65536K, used 11765K [0x0000000720000000, 0x0000000724000000, 0x000000078ab00000)
  object space 65536K, 17% used [0x0000000720000000,0x0000000720b7d4d0,0x0000000724000000)
 Metaspace       used 29092K, capacity 30034K, committed 30208K, reserved 1075200K
  class space    used 3830K, capacity 4061K, committed 4096K, reserved 1048576K
}
Event: 7.307 GC heap before
{Heap before GC invocations=8 (full 1):
 PSYoungGen      total 135168K, used 118554K [0x000000078ab00000, 0x0000000794100000, 0x00000007c0000000)
  eden space 124928K, 86% used [0x000000078ab00000,0x00000007914cd4f0,0x0000000792500000)
  from space 10240K, 99% used [0x0000000793180000,0x0000000793b794d0,0x0000000793b80000)
  to   space 12800K, 0% used [0x0000000792500000,0x0000000792500000,0x0000000793180000)
 ParOldGen       total 65536K, used 11765K [0x0000000720000000, 0x0000000724000000, 0x000000078ab00000)
  object space 65536K, 17% used [0x0000000720000000,0x0000000720b7d4d0,0x0000000724000000)
 Metaspace       used 33992K, capacity 35434K, committed 35496K, reserved 1079296K
  class space    used 4447K, capacity 4745K, committed 4776K, reserved 1048576K
Event: 7.332 GC heap after
Heap after GC invocations=8 (full 1):
 PSYoungGen      total 137728K, used 12799K [0x000000078ab00000, 0x0000000798580000, 0x00000007c0000000)
  eden space 124928K, 0% used [0x000000078ab00000,0x000000078ab00000,0x0000000792500000)
  from space 12800K, 99% used [0x0000000792500000,0x000000079317fd78,0x0000000793180000)
  to   space 15872K, 0% used [0x0000000797600000,0x0000000797600000,0x0000000798580000)
 ParOldGen       total 65536K, used 14575K [0x0000000720000000, 0x0000000724000000, 0x000000078ab00000)
  object space 65536K, 22% used [0x0000000720000000,0x0000000720e3bd70,0x0000000724000000)
 Metaspace       used 33992K, capacity 35434K, committed 35496K, reserved 1079296K
  class space    used 4447K, capacity 4745K, committed 4776K, reserved 1048576K
}
Event: 7.332 GC heap before
{Heap before GC invocations=9 (full 2):
 PSYoungGen      total 137728K, used 12799K [0x000000078ab00000, 0x0000000798580000, 0x00000007c0000000)
  eden space 124928K, 0% used [0x000000078ab00000,0x000000078ab00000,0x0000000792500000)
  from space 12800K, 99% used [0x0000000792500000,0x000000079317fd78,0x0000000793180000)
  to   space 15872K, 0% used [0x0000000797600000,0x0000000797600000,0x0000000798580000)
 ParOldGen       total 65536K, used 14575K [0x0000000720000000, 0x0000000724000000, 0x000000078ab00000)
  object space 65536K, 22% used [0x0000000720000000,0x0000000720e3bd70,0x0000000724000000)
 Metaspace       used 33992K, capacity 35434K, committed 35496K, reserved 1079296K
  class space    used 4447K, capacity 4745K, committed 4776K, reserved 1048576K
Event: 7.425 GC heap after
Heap after GC invocations=9 (full 2):
 PSYoungGen      total 137728K, used 0K [0x000000078ab00000, 0x0000000798580000, 0x00000007c0000000)
  eden space 124928K, 0% used [0x000000078ab00000,0x000000078ab00000,0x0000000792500000)
  from space 12800K, 0% used [0x0000000792500000,0x0000000792500000,0x0000000793180000)
  to   space 15872K, 0% used [0x0000000797600000,0x0000000797600000,0x0000000798580000)
 ParOldGen       total 110592K, used 20402K [0x0000000720000000, 0x0000000726c00000, 0x000000078ab00000)
  object space 110592K, 18% used [0x0000000720000000,0x00000007213eca48,0x0000000726c00000)
 Metaspace       used 33992K, capacity 35434K, committed 35496K, reserved 1079296K
  class space    used 4447K, capacity 4745K, committed 4776K, reserved 1048576K
}
Event: 8.539 GC heap before
{Heap before GC invocations=10 (full 2):
 PSYoungGen      total 137728K, used 124928K [0x000000078ab00000, 0x0000000798580000, 0x00000007c0000000)
  eden space 124928K, 100% used [0x000000078ab00000,0x0000000792500000,0x0000000792500000)
  from space 12800K, 0% used [0x0000000792500000,0x0000000792500000,0x0000000793180000)
  to   space 15872K, 0% used [0x0000000797600000,0x0000000797600000,0x0000000798580000)
 ParOldGen       total 110592K, used 20402K [0x0000000720000000, 0x0000000726c00000, 0x000000078ab00000)
  object space 110592K, 18% used [0x0000000720000000,0x00000007213eca48,0x0000000726c00000)
 Metaspace       used 35678K, capacity 37190K, committed 37544K, reserved 1081344K
  class space    used 4645K, capacity 4925K, committed 5032K, reserved 1048576K
Event: 8.553 GC heap after
Heap after GC invocations=10 (full 2):
 PSYoungGen      total 195584K, used 5932K [0x000000078ab00000, 0x0000000797f80000, 0x00000007c0000000)
  eden space 185856K, 0% used [0x000000078ab00000,0x000000078ab00000,0x0000000796080000)
  from space 9728K, 60% used [0x0000000797600000,0x0000000797bcb210,0x0000000797f80000)
  to   space 15872K, 0% used [0x0000000796080000,0x0000000796080000,0x0000000797000000)
 ParOldGen       total 110592K, used 20410K [0x0000000720000000, 0x0000000726c00000, 0x000000078ab00000)
  object space 110592K, 18% used [0x0000000720000000,0x00000007213eea48,0x0000000726c00000)
 Metaspace       used 35678K, capacity 37190K, committed 37544K, reserved 1081344K
  class space    used 4645K, capacity 4925K, committed 5032K, reserved 1048576K
}

Deoptimization events (10 events):
Event: 9.198 Thread 0x00000000020ff000 Uncommon trap: reason=class_check action=maybe_recompile pc=0x0000000003167b90 method=java.util.Properties$LineReader.readLine()I @ 410
Event: 9.198 Thread 0x00000000020ff000 Uncommon trap: reason=class_check action=maybe_recompile pc=0x0000000003167afc method=java.util.Properties$LineReader.readLine()I @ 62
Event: 9.199 Thread 0x00000000020ff000 Uncommon trap: reason=unstable_if action=reinterpret pc=0x000000000362a520 method=java.net.URI.match(CJJ)Z @ 45
Event: 9.392 Thread 0x00000000020ff000 Uncommon trap: reason=class_check action=maybe_recompile pc=0x0000000002c46d98 method=java.lang.StringCoding$StringDecoder.decode([BII)[C @ 30
Event: 9.401 Thread 0x00000000020ff000 Uncommon trap: reason=null_check action=make_not_entrant pc=0x0000000002c3d49c method=java.lang.reflect.Array.newInstance(Ljava/lang/Class;I)Ljava/lang/Object; @ 2
Event: 9.831 Thread 0x00000000020ff000 Uncommon trap: reason=class_check action=maybe_recompile pc=0x0000000003277a74 method=java.lang.StringCoding$StringDecoder.charsetName()Ljava/lang/String; @ 4
Event: 9.877 Thread 0x00000000020ff000 Uncommon trap: reason=unstable_if action=reinterpret pc=0x0000000002eddec8 method=java.lang.ClassLoader.getClassLoadingLock(Ljava/lang/String;)Ljava/lang/Object; @ 6
Event: 10.749 Thread 0x00000000020ff000 Uncommon trap: reason=null_check action=make_not_entrant pc=0x0000000003522760 method=java.lang.Class.createAnnotationData(I)Ljava/lang/Class$AnnotationData; @ 14
Event: 11.215 Thread 0x00000000020ff000 Uncommon trap: reason=unstable_if action=reinterpret pc=0x0000000003241230 method=java.lang.reflect.Method.invoke(Ljava/lang/Object;[Ljava/lang/Object;)Ljava/lang/Object; @ 18
Event: 11.215 Thread 0x00000000020ff000 Uncommon trap: reason=predicate action=maybe_recompile pc=0x0000000002b5ecac method=java.lang.String.regionMatches(ZILjava/lang/String;II)Z @ 63

Classes redefined (0 events):
No events

Internal exceptions (10 events):
Event: 9.471 Thread 0x00000000020ff000 Exception <a 'java/lang/ClassNotFoundException': org/springframework/context/weaving/LoadTimeWeaverAwareCustomizer> (0x000000078d1bc578) thrown at [C:\re\workspace\8-2-build-windows-amd64-cygwin\jdk8u211\12973\hotspot\src\share\vm\classfile\systemDictiona
Event: 9.473 Thread 0x00000000020ff000 Exception <a 'java/lang/ClassNotFoundException': org/springframework/beans/factory/FactoryBeanCustomizer> (0x000000078d1e1a38) thrown at [C:\re\workspace\8-2-build-windows-amd64-cygwin\jdk8u211\12973\hotspot\src\share\vm\classfile\systemDictionary.cpp, li
Event: 9.474 Thread 0x00000000020ff000 Exception <a 'java/lang/ClassNotFoundException': org/springframework/beans/factory/BeanClassLoaderAwareCustomizer> (0x000000078d20efb8) thrown at [C:\re\workspace\8-2-build-windows-amd64-cygwin\jdk8u211\12973\hotspot\src\share\vm\classfile\systemDictionar
Event: 9.476 Thread 0x00000000020ff000 Exception <a 'java/lang/ClassNotFoundException': org/springframework/beans/factory/BeanFactoryAwareCustomizer> (0x000000078d236800) thrown at [C:\re\workspace\8-2-build-windows-amd64-cygwin\jdk8u211\12973\hotspot\src\share\vm\classfile\systemDictionary.cp
Event: 9.477 Thread 0x00000000020ff000 Exception <a 'java/lang/ClassNotFoundException': org/springframework/beans/factory/BeanNameAwareCustomizer> (0x000000078d25c930) thrown at [C:\re\workspace\8-2-build-windows-amd64-cygwin\jdk8u211\12973\hotspot\src\share\vm\classfile\systemDictionary.cpp, 
Event: 9.478 Thread 0x00000000020ff000 Exception <a 'java/lang/ClassNotFoundException': org/springframework/beans/factory/InitializingBeanCustomizer> (0x000000078d284090) thrown at [C:\re\workspace\8-2-build-windows-amd64-cygwin\jdk8u211\12973\hotspot\src\share\vm\classfile\systemDictionary.cp
Event: 9.479 Thread 0x00000000020ff000 Exception <a 'java/lang/ClassNotFoundException': org/springframework/beans/factory/DisposableBeanCustomizer> (0x000000078d2a9310) thrown at [C:\re\workspace\8-2-build-windows-amd64-cygwin\jdk8u211\12973\hotspot\src\share\vm\classfile\systemDictionary.cpp,
Event: 9.480 Thread 0x00000000020ff000 Exception <a 'java/lang/ClassNotFoundException': org/springframework/orm/jpa/EntityManagerFactoryInfoCustomizer> (0x000000078d2d0fd0) thrown at [C:\re\workspace\8-2-build-windows-amd64-cygwin\jdk8u211\12973\hotspot\src\share\vm\classfile\systemDictionary.
Event: 9.481 Thread 0x00000000020ff000 Exception <a 'java/lang/ClassNotFoundException': org/springframework/dao/support/PersistenceExceptionTranslatorCustomizer> (0x000000078d309d58) thrown at [C:\re\workspace\8-2-build-windows-amd64-cygwin\jdk8u211\12973\hotspot\src\share\vm\classfile\systemD
Event: 11.369 Thread 0x00000000020ff000 Implicit null exception at 0x000000000389b61a to 0x0000000000000000

Events (10 events):
Event: 11.340 loading class org/hibernate/validator/internal/util/ConcurrentReferenceHashMap$SoftKeyReference
Event: 11.340 loading class org/hibernate/validator/internal/util/ConcurrentReferenceHashMap$SoftKeyReference done
Event: 11.340 loading class org/hibernate/validator/internal/util/ConcurrentReferenceHashMap$KeyReference
Event: 11.340 loading class org/hibernate/validator/internal/util/ConcurrentReferenceHashMap$KeyReference done
Event: 11.341 loading class org/hibernate/validator/internal/util/ConcurrentReferenceHashMap$SoftValueReference
Event: 11.341 loading class org/hibernate/validator/internal/util/ConcurrentReferenceHashMap$SoftValueReference done
Event: 11.342 loading class org/hibernate/validator/internal/metadata/descriptor/ElementDescriptorImpl$ConstraintFinderImpl
Event: 11.342 loading class org/hibernate/validator/internal/metadata/descriptor/ElementDescriptorImpl$ConstraintFinderImpl done
Event: 11.369 Executing VM operation: ForceSafepoint
Event: 11.369 Executing VM operation: ForceSafepoint done


Dynamic libraries:
0x000000013f700000 - 0x000000013f737000 	C:\Program Files\Java\jre1.8.0_211\bin\javaw.exe
0x0000000077340000 - 0x00000000774ea000 	C:\Windows\SYSTEM32\ntdll.dll
0x000007fed8f50000 - 0x000007fed8f62000 	C:\Program Files (x86)\AVG\Antivirus\aswhook.dll
0x0000000077120000 - 0x000000007723f000 	C:\Windows\system32\kernel32.dll
0x000007fefd070000 - 0x000007fefd0da000 	C:\Windows\system32\KERNELBASE.dll
0x000007feff1d0000 - 0x000007feff2ab000 	C:\Windows\system32\ADVAPI32.dll
0x000007fefd570000 - 0x000007fefd60f000 	C:\Windows\system32\msvcrt.dll
0x000007fefd6b0000 - 0x000007fefd6cf000 	C:\Windows\SYSTEM32\sechost.dll
0x000007fefdc80000 - 0x000007fefddad000 	C:\Windows\system32\RPCRT4.dll
0x0000000077240000 - 0x000000007733a000 	C:\Windows\system32\USER32.dll
0x000007fefd3f0000 - 0x000007fefd457000 	C:\Windows\system32\GDI32.dll
0x000007fefe1b0000 - 0x000007fefe1be000 	C:\Windows\system32\LPK.dll
0x000007fefddb0000 - 0x000007fefde7b000 	C:\Windows\system32\USP10.dll
0x000007fefba30000 - 0x000007fefbc24000 	C:\Windows\WinSxS\amd64_microsoft.windows.common-controls_6595b64144ccf1df_6.0.7601.18837_none_fa3b1e3d17594757\COMCTL32.dll
0x000007fefe1e0000 - 0x000007fefe251000 	C:\Windows\system32\SHLWAPI.dll
0x000007feff480000 - 0x000007feff4ae000 	C:\Windows\system32\IMM32.DLL
0x000007fefd460000 - 0x000007fefd569000 	C:\Windows\system32\MSCTF.dll
0x0000000060540000 - 0x0000000060612000 	C:\Program Files\Java\jre1.8.0_211\bin\msvcr100.dll
0x0000000057d20000 - 0x00000000585c5000 	C:\Program Files\Java\jre1.8.0_211\bin\server\jvm.dll
0x000007fefa7f0000 - 0x000007fefa7f9000 	C:\Windows\system32\WSOCK32.dll
0x000007feff390000 - 0x000007feff3dd000 	C:\Windows\system32\WS2_32.dll
0x000007feff4b0000 - 0x000007feff4b8000 	C:\Windows\system32\NSI.dll
0x000007fef63c0000 - 0x000007fef63fb000 	C:\Windows\system32\WINMM.dll
0x000007fefc0c0000 - 0x000007fefc0cc000 	C:\Windows\system32\VERSION.dll
0x0000000077500000 - 0x0000000077507000 	C:\Windows\system32\PSAPI.DLL
0x000007fef48b0000 - 0x000007fef48bf000 	C:\Program Files\Java\jre1.8.0_211\bin\verify.dll
0x000007fee1c60000 - 0x000007fee1c89000 	C:\Program Files\Java\jre1.8.0_211\bin\java.dll
0x000007fef4890000 - 0x000007fef48a6000 	C:\Program Files\Java\jre1.8.0_211\bin\zip.dll
0x000007fefe260000 - 0x000007fefefea000 	C:\Windows\system32\SHELL32.dll
0x000007fefda00000 - 0x000007fefdbfc000 	C:\Windows\system32\ole32.dll
0x000007fefd030000 - 0x000007fefd03f000 	C:\Windows\system32\profapi.dll
0x000007fef51f0000 - 0x000007fef51fd000 	C:\Program Files\Java\jre1.8.0_211\bin\management.dll
0x000007fee1cf0000 - 0x000007fee1d0a000 	C:\Program Files\Java\jre1.8.0_211\bin\net.dll
0x000007feff4c0000 - 0x000007feff645000 	C:\Windows\system32\urlmon.dll
0x000007fefd190000 - 0x000007fefd194000 	C:\Windows\system32\api-ms-win-downlevel-ole32-l1-1-0.dll
0x000007fefd3e0000 - 0x000007fefd3e4000 	C:\Windows\system32\api-ms-win-downlevel-shlwapi-l1-1-0.dll
0x000007fefd1a0000 - 0x000007fefd1a5000 	C:\Windows\system32\api-ms-win-downlevel-advapi32-l1-1-0.dll
0x000007fefd0e0000 - 0x000007fefd0e4000 	C:\Windows\system32\api-ms-win-downlevel-user32-l1-1-0.dll
0x000007fefd3d0000 - 0x000007fefd3d4000 	C:\Windows\system32\api-ms-win-downlevel-version-l1-1-0.dll
0x000007fefd360000 - 0x000007fefd363000 	C:\Windows\system32\api-ms-win-downlevel-normaliz-l1-1-0.dll
0x0000000077510000 - 0x0000000077513000 	C:\Windows\system32\normaliz.DLL
0x000007fefd730000 - 0x000007fefd9fb000 	C:\Windows\system32\iertutil.dll
0x000007fefde80000 - 0x000007fefe1a1000 	C:\Windows\system32\WININET.dll
0x000007fefd050000 - 0x000007fefd06e000 	C:\Windows\system32\USERENV.dll
0x000007fefc7c0000 - 0x000007fefc815000 	C:\Windows\system32\mswsock.dll
0x000007fefc7b0000 - 0x000007fefc7b7000 	C:\Windows\System32\wship6.dll
0x000007fefac60000 - 0x000007fefac75000 	C:\Windows\system32\NLAapi.dll
0x000007fef4650000 - 0x000007fef4665000 	C:\Windows\system32\napinsp.dll
0x000007fef45d0000 - 0x000007fef45e9000 	C:\Windows\system32\pnrpnsp.dll
0x000007fefc640000 - 0x000007fefc69b000 	C:\Windows\system32\DNSAPI.dll
0x000007fef45c0000 - 0x000007fef45cb000 	C:\Windows\System32\winrnr.dll
0x0000000066f90000 - 0x0000000066fbe000 	C:\Program Files\Common Files\Microsoft Shared\Windows Live\WLIDNSP.DLL
0x000007fefc1e0000 - 0x000007fefc1e7000 	C:\Windows\System32\wshtcpip.dll
0x000007fefaad0000 - 0x000007fefaaf7000 	C:\Windows\system32\IPHLPAPI.DLL
0x000007fefaac0000 - 0x000007fefaacb000 	C:\Windows\system32\WINNSI.DLL
0x000007fef4170000 - 0x000007fef4178000 	C:\Windows\system32\rasadhlp.dll
0x000007fefa850000 - 0x000007fefa8a3000 	C:\Windows\System32\fwpuclnt.dll
0x000007fee1c40000 - 0x000007fee1c52000 	C:\Program Files\Java\jre1.8.0_211\bin\nio.dll
0x000007fefc820000 - 0x000007fefc838000 	C:\Windows\system32\CRYPTSP.dll
0x000007fefc520000 - 0x000007fefc567000 	C:\Windows\system32\rsaenh.dll
0x000007fefced0000 - 0x000007fefcedf000 	C:\Windows\system32\CRYPTBASE.dll
0x000007fefa820000 - 0x000007fefa831000 	C:\Windows\system32\dhcpcsvc6.DLL
0x000007fefa800000 - 0x000007fefa818000 	C:\Windows\system32\dhcpcsvc.DLL
0x000007fef8640000 - 0x000007fef8765000 	C:\Windows\system32\dbghelp.dll

VM Arguments:
jvm_args: -Dfile.encoding=UTF-8 
java_command: wis.WISApplication
java_class_path (initial): D:\Faks\Treca godina\Drugi semestar\VELIKI PROJEKAT\git\wis-master\target\classes;C:\Users\Budincevic\.m2\repository\org\springframework\boot\spring-boot-starter-data-jpa\2.0.1.RELEASE\spring-boot-starter-data-jpa-2.0.1.RELEASE.jar;C:\Users\Budincevic\.m2\repository\org\springframework\boot\spring-boot-starter-aop\2.0.1.RELEASE\spring-boot-starter-aop-2.0.1.RELEASE.jar;C:\Users\Budincevic\.m2\repository\org\springframework\spring-aop\5.0.5.RELEASE\spring-aop-5.0.5.RELEASE.jar;C:\Users\Budincevic\.m2\repository\org\aspectj\aspectjweaver\1.8.13\aspectjweaver-1.8.13.jar;C:\Users\Budincevic\.m2\repository\org\springframework\boot\spring-boot-starter-jdbc\2.0.1.RELEASE\spring-boot-starter-jdbc-2.0.1.RELEASE.jar;C:\Users\Budincevic\.m2\repository\com\zaxxer\HikariCP\2.7.8\HikariCP-2.7.8.jar;C:\Users\Budincevic\.m2\repository\org\springframework\spring-jdbc\5.0.5.RELEASE\spring-jdbc-5.0.5.RELEASE.jar;C:\Users\Budincevic\.m2\repository\org\hibernate\hibernate-core\5.2.16.Final\hibernate-core-5.2.16.Final.jar;C:\Users\Budincevic\.m2\repository\org\hibernate\javax\persistence\hibernate-jpa-2.1-api\1.0.0.Final\hibernate-jpa-2.1-api-1.0.0.Final.jar;C:\Users\Budincevic\.m2\repository\org\javassist\javassist\3.22.0-GA\javassist-3.22.0-GA.jar;C:\Users\Budincevic\.m2\repository\antlr\antlr\2.7.7\antlr-2.7.7.jar;C:\Users\Budincevic\.m2\repository\org\jboss\jandex\2.0.3.Final\jandex-2.0.3.Final.jar;C:\Users\Budincevic\.m2\repository\com\fasterxml\classmate\1.3.4\classmate-1.3.4.jar;C:\Users\Budincevic\.m2\repository\dom4j\dom4j\1.6.1\dom4j-1.6.1.jar;C:\Users\Budincevic\.m2\repository\org\hibernate\common\hibernate-commons-annotations\5.0.1.Final\hibernate-commons-annotations-5.0.1.Final.jar;C:\Users\Budincevic\.m2\repository\javax\transaction\javax.transaction-api\1.2\javax.transaction-api-1.2.jar;C:\Users\Budincevic\.m2\repository\org\springframework\data\spring-data-jpa\2.0.6.RELEASE\spring-data-jpa-2.0.6.RELEASE.jar;C:\Users\Budincevic\.m2\repository\o
Launcher Type: SUN_STANDARD

Environment Variables:
PATH=C:/Program Files/Java/jre1.8.0_211/bin/server;C:/Program Files/Java/jre1.8.0_211/bin;C:/Program Files/Java/jre1.8.0_211/lib/amd64;C:\Program Files (x86)\Common Files\Oracle\Java\javapath;C:\Program Files (x86)\NVIDIA Corporation\PhysX\Common;C:\ProgramData\Oracle\Java\javapath;C:\Program Files\Common Files\Microsoft Shared\Windows Live;C:\Program Files (x86)\AMD APP\bin\x86_64;C:\Program Files (x86)\AMD APP\bin\x86;C:\Windows\system32;C:\Windows;C:\Windows\System32\Wbem;C:\Windows\System32\WindowsPowerShell\v1.0\;C:\Program Files (x86)\ATI Technologies\ATI.ACE\Core-Static;C:\Program Files (x86)\Microsoft SQL Server\100\Tools\Binn\;C:\Program Files\Microsoft SQL Server\100\Tools\Binn\;C:\Program Files\Microsoft SQL Server\100\DTS\Binn\;C:\Program Files (x86)\Microsoft SQL Server\100\Tools\Binn\VSShell\Common7\IDE\;C:\Program Files (x86)\Microsoft SQL Server\100\DTS\Binn\;C:\Program Files\Microsoft SQL Server\110\Tools\Binn\;C:\Program Files (x86)\Microsoft SDKs\TypeScript\1.0\;C:\Program Files\Microsoft SQL Server\120\Tools\Binn\;C:\Program Files\MySQL\MySQL Utilities 1.6\;D:\Visual Studio Code\nodejs\;C:\Program Files\Git\cmd;C:\Program Files\Common Files\Microsoft Shared\Windows Live;D:\Visual Studio\Microsoft VS Code\bin;C:\Users\Budincevic\AppData\Roaming\npm;C:\Windows\system32;
USERNAME=Budincevic
OS=Windows_NT
PROCESSOR_IDENTIFIER=AMD64 Family 16 Model 5 Stepping 2, AuthenticAMD



---------------  S Y S T E M  ---------------

OS: Windows 7 , 64 bit Build 7601 (6.1.7601.23915)

CPU:total 4 (initial active 4) (4 cores per cpu, 1 threads per core) family 16 model 5 stepping 2, cmov, cx8, fxsr, mmx, sse, sse2, sse3, popcnt, mmxext, 3dnowpref, lzcnt, sse4a, tsc, tscinvbit, tscinv

Memory: 4k page, physical 10484916k(4092292k free), swap 20967972k(13507948k free)

vm_info: Java HotSpot(TM) 64-Bit Server VM (25.211-b12) for windows-amd64 JRE (1.8.0_211-b12), built on Apr  1 2019 20:53:26 by "java_re" with MS VC++ 10.0 (VS2010)

time: Fri Apr 26 16:00:44 2019
timezone: Central Europe Daylight Time
elapsed time: 11 seconds (0d 0h 0m 11s)

