#
# A fatal error has been detected by the Java Runtime Environment:
#
#  EXCEPTION_ACCESS_VIOLATION (0xc0000005) at pc=0x00000000039a15ec, pid=2388, tid=0x00000000000023f4
#
# JRE version: Java(TM) SE Runtime Environment (8.0_211-b12) (build 1.8.0_211-b12)
# Java VM: Java HotSpot(TM) 64-Bit Server VM (25.211-b12 mixed mode windows-amd64 compressed oops)
# Problematic frame:
# J 6007 C1 org.springframework.data.mapping.model.Property.withFieldOrDescriptor(Ljava/util/function/Function;Ljava/util/function/Function;)Ljava/lang/Object; (36 bytes) @ 0x00000000039a15ec [0x00000000039a0f20+0x6cc]
#
# Failed to write core dump. Minidumps are not enabled by default on client versions of Windows
#
# If you would like to submit a bug report, please visit:
#   http://bugreport.java.com/bugreport/crash.jsp
#

---------------  T H R E A D  ---------------

Current thread (0x00000000021ff000):  JavaThread "main" [_thread_in_Java, id=9204, stack(0x00000000023a0000,0x00000000024a0000)]

siginfo: ExceptionCode=0xc0000005, writing address 0x000000dcba8908c7

Registers:
RAX=0x0000000791558c70, RBX=0x0000000791558c58, RCX=0x0000000000000018, RDX=0x000000001cde4c28
RSP=0x000000000249be50, RBP=0x000000000249bfb0, RSI=0x0000000790ac0ae0, RDI=0x0000000000010959
R8 =0x0000000791558c38, R9 =0x0000000791558c48, R10=0x00000000f22ab18e, R11=0x0000000791558b30
R12=0x0000000000000000, R13=0x000000000e230000, R14=0x000000000249bfd8, R15=0x00000000021ff000
RIP=0x00000000039a15ec, EFLAGS=0x0000000000010206

Top of Stack: (sp=0x000000000249be50)
0x000000000249be50:   0000000000000000 000000000249be70
0x000000000249be60:   000000000249bec8 000000000277835d
0x000000000249be70:   0000000791515e70 0000000791558c48
0x000000000249be80:   0000000791558c48 000000000249be88
0x000000000249be90:   0000000022b85ac5 000000000249bed8
0x000000000249bea0:   0000000021b08c28 0000000000000000
0x000000000249beb0:   0000000022b85ad0 0000000000000000
0x000000000249bec0:   000000000249bee0 000000000249bfb0
0x000000000249bed0:   0000000002c5d00c 0000000791515e70
0x000000000249bee0:   0000000791557cf0 0000000791557c78
0x000000000249bef0:   000000000249bf58 0000000002777b75
0x000000000249bf00:   000000000249bfb0 0000000002b0adc8
0x000000000249bf10:   0000000791558bb8 000000000249bf18
0x000000000249bf20:   000000001faf66e7 000000000249bf68
0x000000000249bf30:   000000000249bfb0 00000000027780e0
0x000000000249bf40:   0000000002778288 00000000027780e0 

Instructions: (pc=0x00000000039a15ec)
0x00000000039a15cc:   28 c0 e2 1c 00 00 00 00 48 83 82 38 01 00 00 01
0x00000000039a15dc:   48 ba 28 4c de 1c 00 00 00 00 8b ba dc 00 00 00
0x00000000039a15ec:   a3 c7 08 89 ba dc 00 00 00 48 ba f8 85 59 18 00
0x00000000039a15fc:   00 00 00 81 e7 f8 ff 7f 00 83 ff 00 0f 84 40 0b 


Register to memory mapping:

RAX=0x0000000791558c70 is an oop
org.springframework.data.mapping.model.Property$$Lambda$428/565517913 
 - klass: 'org/springframework/data/mapping/model/Property$$Lambda$428'
RBX=0x0000000791558c58 is an oop
[Ljava.util.function.Supplier; 
 - klass: 'java/util/function/Supplier'[]
 - length: 2
RCX=0x0000000000000018 is an unknown value
RDX=0x000000001cde4c28 is pointing into metadata
RSP=0x000000000249be50 is pointing into the stack for thread: 0x00000000021ff000
RBP=0x000000000249bfb0 is pointing into the stack for thread: 0x00000000021ff000
RSI=0x0000000790ac0ae0 is an oop
java.lang.invoke.DirectMethodHandle 
 - klass: 'java/lang/invoke/DirectMethodHandle'
RDI=0x0000000000010959 is an unknown value
R8 =0x0000000791558c38 is an oop
org.springframework.data.mapping.model.Property$$Lambda$426/1137180298 
 - klass: 'org/springframework/data/mapping/model/Property$$Lambda$426'
R9 =0x0000000791558c48 is an oop
org.springframework.data.mapping.model.Property$$Lambda$427/1744389827 
 - klass: 'org/springframework/data/mapping/model/Property$$Lambda$427'
R10=0x00000000f22ab18e is an unknown value
R11=0x0000000791558b30 is an oop
org.springframework.data.mapping.model.Property 
 - klass: 'org/springframework/data/mapping/model/Property'
R12=0x0000000000000000 is an unknown value
R13=0x000000000e230000 is an unknown value
R14=0x000000000249bfd8 is pointing into the stack for thread: 0x00000000021ff000
R15=0x00000000021ff000 is a thread


Stack: [0x00000000023a0000,0x00000000024a0000],  sp=0x000000000249be50,  free space=1007k
Native frames: (J=compiled Java code, j=interpreted, Vv=VM code, C=native code)
C  0x00000000039a15ec


---------------  P R O C E S S  ---------------

Java Threads: ( => current thread )
  0x000000001d73d000 JavaThread "HikariPool-1 housekeeper" daemon [_thread_blocked, id=7820, stack(0x0000000021e90000,0x0000000021f90000)]
  0x000000001c1f0800 JavaThread "Abandoned connection cleanup thread" daemon [_thread_blocked, id=7672, stack(0x0000000021810000,0x0000000021910000)]
  0x000000001b29d800 JavaThread "container-0" [_thread_blocked, id=4116, stack(0x00000000216b0000,0x00000000217b0000)]
  0x000000001b514800 JavaThread "ContainerBackgroundProcessor[StandardEngine[Tomcat]]" daemon [_thread_blocked, id=7372, stack(0x0000000021530000,0x0000000021630000)]
  0x0000000019ec1800 JavaThread "Service Thread" daemon [_thread_blocked, id=8808, stack(0x0000000019860000,0x0000000019960000)]
  0x0000000019e3d000 JavaThread "C1 CompilerThread2" daemon [_thread_blocked, id=8304, stack(0x000000001a900000,0x000000001aa00000)]
  0x0000000019e3c000 JavaThread "C2 CompilerThread1" daemon [_thread_in_native, id=6092, stack(0x000000001a7c0000,0x000000001a8c0000)]
  0x0000000018919000 JavaThread "C2 CompilerThread0" daemon [_thread_in_native, id=8740, stack(0x000000001a610000,0x000000001a710000)]
  0x0000000019e29800 JavaThread "Attach Listener" daemon [_thread_blocked, id=4904, stack(0x000000001a420000,0x000000001a520000)]
  0x0000000019e26800 JavaThread "Signal Dispatcher" daemon [_thread_blocked, id=2488, stack(0x000000001a2f0000,0x000000001a3f0000)]
  0x0000000018901800 JavaThread "Finalizer" daemon [_thread_blocked, id=8724, stack(0x0000000019d20000,0x0000000019e20000)]
  0x00000000188ba800 JavaThread "Reference Handler" daemon [_thread_blocked, id=8624, stack(0x0000000019b10000,0x0000000019c10000)]
=>0x00000000021ff000 JavaThread "main" [_thread_in_Java, id=9204, stack(0x00000000023a0000,0x00000000024a0000)]

Other Threads:
  0x00000000188b3000 VMThread [stack: 0x0000000019960000,0x0000000019a60000] [id=7344]
  0x0000000019f12000 WatcherThread [stack: 0x000000001aa20000,0x000000001ab20000] [id=2180]

VM state:not at safepoint (normal execution)

VM Mutex/Monitor currently owned by a thread: None

heap address: 0x0000000720000000, size: 2560 MB, Compressed Oops mode: Zero based, Oop shift amount: 3
Narrow klass base: 0x0000000000000000, Narrow klass shift: 3
Compressed class space size: 1073741824 Address: 0x00000007c0000000

Heap:
 PSYoungGen      total 235520K, used 124795K [0x000000078ab00000, 0x00000007a1d00000, 0x00000007c0000000)
  eden space 220160K, 49% used [0x000000078ab00000,0x00000007915e2e30,0x0000000798200000)
  from space 15360K, 99% used [0x0000000798200000,0x00000007990fc140,0x0000000799100000)
  to   space 18432K, 0% used [0x00000007a0b00000,0x00000007a0b00000,0x00000007a1d00000)
 ParOldGen       total 108544K, used 24706K [0x0000000720000000, 0x0000000726a00000, 0x000000078ab00000)
  object space 108544K, 22% used [0x0000000720000000,0x0000000721820ae0,0x0000000726a00000)
 Metaspace       used 52299K, capacity 54322K, committed 54440K, reserved 1095680K
  class space    used 6927K, capacity 7279K, committed 7336K, reserved 1048576K

Card table byte_map: [0x0000000011b30000,0x0000000012040000] byte_map_base: 0x000000000e230000

Marking Bits: (ParMarkBitMap*) 0x0000000058545ce0
 Begin Bits: [0x0000000012a20000, 0x0000000015220000)
 End Bits:   [0x0000000015220000, 0x0000000017a20000)

Polling page: 0x00000000001d0000

CodeCache: size=245760Kb used=18566Kb max_used=18566Kb free=227193Kb
 bounds [0x0000000002770000, 0x00000000039b0000, 0x0000000011770000]
 total_blobs=5936 nmethods=5381 adapters=468
 compilation: enabled

Compilation events (10 events):
Event: 53.400 Thread 0x0000000019e3d000 6003       3       org.springframework.data.util.TypeDiscoverer$$Lambda$189/1264754451::get$Lambda (9 bytes)
Event: 53.400 Thread 0x0000000019e3d000 nmethod 6003 0x000000000399e7d0 code [0x000000000399e940, 0x000000000399eb90]
Event: 53.404 Thread 0x0000000019e3d000 6004       3       org.springframework.data.util.Streamable$$Lambda$201/1224064486::iterator (8 bytes)
Event: 53.405 Thread 0x0000000019e3d000 nmethod 6004 0x000000000399ec90 code [0x000000000399ee60, 0x000000000399f598]
Event: 53.405 Thread 0x0000000019e3d000 6005       3       org.springframework.data.util.Streamable::lambda$of$0 (10 bytes)
Event: 53.405 Thread 0x0000000019e3d000 nmethod 6005 0x000000000399fa50 code [0x000000000399fc20, 0x00000000039a02b8]
Event: 53.405 Thread 0x0000000019e3d000 6006       3       java.util.Optional::orElseThrow (22 bytes)
Event: 53.406 Thread 0x0000000019e3d000 nmethod 6006 0x00000000039a0690 code [0x00000000039a0800, 0x00000000039a0b48]
Event: 53.406 Thread 0x0000000019e3d000 6007       3       org.springframework.data.mapping.model.Property::withFieldOrDescriptor (36 bytes)
Event: 53.407 Thread 0x0000000019e3d000 nmethod 6007 0x00000000039a0c50 code [0x00000000039a0f20, 0x00000000039a2458]

GC Heap History (10 events):
Event: 4.275 GC heap before
{Heap before GC invocations=5 (full 1):
 PSYoungGen      total 88576K, used 81920K [0x000000078ab00000, 0x0000000795800000, 0x00000007c0000000)
  eden space 81920K, 100% used [0x000000078ab00000,0x000000078fb00000,0x000000078fb00000)
  from space 6656K, 0% used [0x000000078fb00000,0x000000078fb00000,0x0000000790180000)
  to   space 6656K, 0% used [0x0000000795180000,0x0000000795180000,0x0000000795800000)
 ParOldGen       total 67072K, used 9278K [0x0000000720000000, 0x0000000724180000, 0x000000078ab00000)
  object space 67072K, 13% used [0x0000000720000000,0x000000072090f9d0,0x0000000724180000)
 Metaspace       used 24872K, capacity 25558K, committed 25728K, reserved 1071104K
  class space    used 3239K, capacity 3411K, committed 3456K, reserved 1048576K
Event: 4.316 GC heap after
Heap after GC invocations=5 (full 1):
 PSYoungGen      total 142848K, used 6101K [0x000000078ab00000, 0x0000000795780000, 0x00000007c0000000)
  eden space 136704K, 0% used [0x000000078ab00000,0x000000078ab00000,0x0000000793080000)
  from space 6144K, 99% used [0x0000000795180000,0x00000007957754a8,0x0000000795780000)
  to   space 6656K, 0% used [0x0000000794a80000,0x0000000794a80000,0x0000000795100000)
 ParOldGen       total 67072K, used 9286K [0x0000000720000000, 0x0000000724180000, 0x000000078ab00000)
  object space 67072K, 13% used [0x0000000720000000,0x00000007209119d0,0x0000000724180000)
 Metaspace       used 24872K, capacity 25558K, committed 25728K, reserved 1071104K
  class space    used 3239K, capacity 3411K, committed 3456K, reserved 1048576K
}
Event: 7.265 GC heap before
{Heap before GC invocations=6 (full 1):
 PSYoungGen      total 142848K, used 142805K [0x000000078ab00000, 0x0000000795780000, 0x00000007c0000000)
  eden space 136704K, 100% used [0x000000078ab00000,0x0000000793080000,0x0000000793080000)
  from space 6144K, 99% used [0x0000000795180000,0x00000007957754a8,0x0000000795780000)
  to   space 6656K, 0% used [0x0000000794a80000,0x0000000794a80000,0x0000000795100000)
 ParOldGen       total 67072K, used 9286K [0x0000000720000000, 0x0000000724180000, 0x000000078ab00000)
  object space 67072K, 13% used [0x0000000720000000,0x00000007209119d0,0x0000000724180000)
 Metaspace       used 31245K, capacity 32298K, committed 32512K, reserved 1077248K
  class space    used 4110K, capacity 4347K, committed 4352K, reserved 1048576K
Event: 7.282 GC heap after
Heap after GC invocations=6 (full 1):
 PSYoungGen      total 169984K, used 6649K [0x000000078ab00000, 0x000000079a000000, 0x00000007c0000000)
  eden space 163328K, 0% used [0x000000078ab00000,0x000000078ab00000,0x0000000794a80000)
  from space 6656K, 99% used [0x0000000794a80000,0x00000007950fe4d0,0x0000000795100000)
  to   space 15360K, 0% used [0x0000000799100000,0x0000000799100000,0x000000079a000000)
 ParOldGen       total 67072K, used 18149K [0x0000000720000000, 0x0000000724180000, 0x000000078ab00000)
  object space 67072K, 27% used [0x0000000720000000,0x00000007211b95f0,0x0000000724180000)
 Metaspace       used 31245K, capacity 32298K, committed 32512K, reserved 1077248K
  class space    used 4110K, capacity 4347K, committed 4352K, reserved 1048576K
}
Event: 8.252 GC heap before
{Heap before GC invocations=7 (full 1):
 PSYoungGen      total 169984K, used 61206K [0x000000078ab00000, 0x000000079a000000, 0x00000007c0000000)
  eden space 163328K, 33% used [0x000000078ab00000,0x000000078e047690,0x0000000794a80000)
  from space 6656K, 99% used [0x0000000794a80000,0x00000007950fe4d0,0x0000000795100000)
  to   space 15360K, 0% used [0x0000000799100000,0x0000000799100000,0x000000079a000000)
 ParOldGen       total 67072K, used 18149K [0x0000000720000000, 0x0000000724180000, 0x000000078ab00000)
  object space 67072K, 27% used [0x0000000720000000,0x00000007211b95f0,0x0000000724180000)
 Metaspace       used 33988K, capacity 35430K, committed 35496K, reserved 1079296K
  class space    used 4449K, capacity 4745K, committed 4776K, reserved 1048576K
Event: 8.285 GC heap after
Heap after GC invocations=7 (full 1):
 PSYoungGen      total 235520K, used 10659K [0x000000078ab00000, 0x000000079cb00000, 0x00000007c0000000)
  eden space 220160K, 0% used [0x000000078ab00000,0x000000078ab00000,0x0000000798200000)
  from space 15360K, 69% used [0x0000000799100000,0x0000000799b68e60,0x000000079a000000)
  to   space 15360K, 0% used [0x0000000798200000,0x0000000798200000,0x0000000799100000)
 ParOldGen       total 67072K, used 18157K [0x0000000720000000, 0x0000000724180000, 0x000000078ab00000)
  object space 67072K, 27% used [0x0000000720000000,0x00000007211bb5f0,0x0000000724180000)
 Metaspace       used 33988K, capacity 35430K, committed 35496K, reserved 1079296K
  class space    used 4449K, capacity 4745K, committed 4776K, reserved 1048576K
}
Event: 8.285 GC heap before
{Heap before GC invocations=8 (full 2):
 PSYoungGen      total 235520K, used 10659K [0x000000078ab00000, 0x000000079cb00000, 0x00000007c0000000)
  eden space 220160K, 0% used [0x000000078ab00000,0x000000078ab00000,0x0000000798200000)
  from space 15360K, 69% used [0x0000000799100000,0x0000000799b68e60,0x000000079a000000)
  to   space 15360K, 0% used [0x0000000798200000,0x0000000798200000,0x0000000799100000)
 ParOldGen       total 67072K, used 18157K [0x0000000720000000, 0x0000000724180000, 0x000000078ab00000)
  object space 67072K, 27% used [0x0000000720000000,0x00000007211bb5f0,0x0000000724180000)
 Metaspace       used 33988K, capacity 35430K, committed 35496K, reserved 1079296K
  class space    used 4449K, capacity 4745K, committed 4776K, reserved 1048576K
Event: 8.412 GC heap after
Heap after GC invocations=8 (full 2):
 PSYoungGen      total 235520K, used 0K [0x000000078ab00000, 0x000000079cb00000, 0x00000007c0000000)
  eden space 220160K, 0% used [0x000000078ab00000,0x000000078ab00000,0x0000000798200000)
  from space 15360K, 0% used [0x0000000799100000,0x0000000799100000,0x000000079a000000)
  to   space 15360K, 0% used [0x0000000798200000,0x0000000798200000,0x0000000799100000)
 ParOldGen       total 108544K, used 23140K [0x0000000720000000, 0x0000000726a00000, 0x000000078ab00000)
  object space 108544K, 21% used [0x0000000720000000,0x0000000721699228,0x0000000726a00000)
 Metaspace       used 33988K, capacity 35430K, committed 35496K, reserved 1079296K
  class space    used 4449K, capacity 4745K, committed 4776K, reserved 1048576K
}
Event: 11.854 GC heap before
{Heap before GC invocations=9 (full 2):
 PSYoungGen      total 235520K, used 220160K [0x000000078ab00000, 0x000000079cb00000, 0x00000007c0000000)
  eden space 220160K, 100% used [0x000000078ab00000,0x0000000798200000,0x0000000798200000)
  from space 15360K, 0% used [0x0000000799100000,0x0000000799100000,0x000000079a000000)
  to   space 15360K, 0% used [0x0000000798200000,0x0000000798200000,0x0000000799100000)
 ParOldGen       total 108544K, used 23140K [0x0000000720000000, 0x0000000726a00000, 0x000000078ab00000)
  object space 108544K, 21% used [0x0000000720000000,0x0000000721699228,0x0000000726a00000)
 Metaspace       used 45924K, capacity 47596K, committed 47912K, reserved 1091584K
  class space    used 6065K, capacity 6384K, committed 6440K, reserved 1048576K
Event: 11.907 GC heap after
Heap after GC invocations=9 (full 2):
 PSYoungGen      total 235520K, used 15344K [0x000000078ab00000, 0x00000007a1d00000, 0x00000007c0000000)
  eden space 220160K, 0% used [0x000000078ab00000,0x000000078ab00000,0x0000000798200000)
  from space 15360K, 99% used [0x0000000798200000,0x00000007990fc140,0x0000000799100000)
  to   space 18432K, 0% used [0x00000007a0b00000,0x00000007a0b00000,0x00000007a1d00000)
 ParOldGen       total 108544K, used 24706K [0x0000000720000000, 0x0000000726a00000, 0x000000078ab00000)
  object space 108544K, 22% used [0x0000000720000000,0x0000000721820ae0,0x0000000726a00000)
 Metaspace       used 45924K, capacity 47596K, committed 47912K, reserved 1091584K
  class space    used 6065K, capacity 6384K, committed 6440K, reserved 1048576K
}

Deoptimization events (10 events):
Event: 53.033 Thread 0x00000000021ff000 Uncommon trap: reason=unstable_if action=reinterpret pc=0x00000000032e3ff0 method=org.springframework.beans.factory.support.AbstractAutowireCapableBeanFactory.predictBeanType(Ljava/lang/String;Lorg/springframework/beans/factory/support/RootBeanDefinition;
Event: 53.034 Thread 0x00000000021ff000 Uncommon trap: reason=class_check action=maybe_recompile pc=0x00000000033a7070 method=org.springframework.beans.factory.support.AbstractBeanFactory.isTypeMatch(Ljava/lang/String;Lorg/springframework/core/ResolvableType;)Z @ 47
Event: 53.069 Thread 0x00000000021ff000 Uncommon trap: reason=unstable_if action=reinterpret pc=0x0000000002fca150 method=org.springframework.asm.ClassReader.readUTF(II[C)Ljava/lang/String; @ 77
Event: 53.088 Thread 0x00000000021ff000 Uncommon trap: reason=array_check action=maybe_recompile pc=0x00000000036d6424 method=sun.reflect.annotation.AnnotationParser.parseEnumArray(ILjava/lang/Class;Ljava/nio/ByteBuffer;Lsun/reflect/ConstantPool;Ljava/lang/Class;)Ljava/lang/Object; @ 53
Event: 53.110 Thread 0x00000000021ff000 Uncommon trap: reason=array_check action=maybe_recompile pc=0x00000000036d6424 method=sun.reflect.annotation.AnnotationParser.parseEnumArray(ILjava/lang/Class;Ljava/nio/ByteBuffer;Lsun/reflect/ConstantPool;Ljava/lang/Class;)Ljava/lang/Object; @ 53
Event: 53.112 Thread 0x00000000021ff000 Uncommon trap: reason=unstable_if action=reinterpret pc=0x0000000003088910 method=java.lang.reflect.Proxy.isProxyClass(Ljava/lang/Class;)Z @ 16
Event: 53.112 Thread 0x00000000021ff000 Uncommon trap: reason=unstable_if action=reinterpret pc=0x0000000002a44b14 method=java.lang.reflect.Proxy.isProxyClass(Ljava/lang/Class;)Z @ 16
Event: 53.132 Thread 0x00000000021ff000 Uncommon trap: reason=unstable_if action=reinterpret pc=0x0000000003819b2c method=java.util.HashMap.putMapEntries(Ljava/util/Map;Z)V @ 53
Event: 53.162 Thread 0x00000000021ff000 Uncommon trap: reason=unstable_if action=reinterpret pc=0x00000000036790c8 method=java.util.stream.StreamOpFlag.fromCharacteristics(Ljava/util/Spliterator;)I @ 10
Event: 53.216 Thread 0x00000000021ff000 Uncommon trap: reason=array_check action=maybe_recompile pc=0x00000000036d6424 method=sun.reflect.annotation.AnnotationParser.parseEnumArray(ILjava/lang/Class;Ljava/nio/ByteBuffer;Lsun/reflect/ConstantPool;Ljava/lang/Class;)Ljava/lang/Object; @ 53

Classes redefined (0 events):
No events

Internal exceptions (10 events):
Event: 53.352 Thread 0x00000000021ff000 Exception <a 'java/lang/ClassNotFoundException': java/lang/ObjectCustomizer> (0x0000000791218180) thrown at [C:\re\workspace\8-2-build-windows-amd64-cygwin\jdk8u211\12973\hotspot\src\share\vm\classfile\systemDictionary.cpp, line 210]
Event: 53.353 Thread 0x00000000021ff000 Exception <a 'java/lang/ClassNotFoundException': wis/domain/CourseCustomizer> (0x0000000791234578) thrown at [C:\re\workspace\8-2-build-windows-amd64-cygwin\jdk8u211\12973\hotspot\src\share\vm\classfile\systemDictionary.cpp, line 210]
Event: 53.364 Thread 0x00000000021ff000 Exception <a 'java/lang/ClassNotFoundException': java/lang/ObjectCustomizer> (0x00000007912f2cd0) thrown at [C:\re\workspace\8-2-build-windows-amd64-cygwin\jdk8u211\12973\hotspot\src\share\vm\classfile\systemDictionary.cpp, line 210]
Event: 53.365 Thread 0x00000000021ff000 Exception <a 'java/lang/ClassNotFoundException': wis/domain/ResultCustomizer> (0x000000079130f0c8) thrown at [C:\re\workspace\8-2-build-windows-amd64-cygwin\jdk8u211\12973\hotspot\src\share\vm\classfile\systemDictionary.cpp, line 210]
Event: 53.376 Thread 0x00000000021ff000 Exception <a 'java/lang/ClassNotFoundException': java/lang/ObjectCustomizer> (0x00000007913951a8) thrown at [C:\re\workspace\8-2-build-windows-amd64-cygwin\jdk8u211\12973\hotspot\src\share\vm\classfile\systemDictionary.cpp, line 210]
Event: 53.377 Thread 0x00000000021ff000 Exception <a 'java/lang/ClassNotFoundException': wis/domain/StudyProgramCustomizer> (0x00000007913b33d0) thrown at [C:\re\workspace\8-2-build-windows-amd64-cygwin\jdk8u211\12973\hotspot\src\share\vm\classfile\systemDictionary.cpp, line 210]
Event: 53.392 Thread 0x00000000021ff000 Exception <a 'java/lang/ClassNotFoundException': java/lang/ObjectCustomizer> (0x000000079146f508) thrown at [C:\re\workspace\8-2-build-windows-amd64-cygwin\jdk8u211\12973\hotspot\src\share\vm\classfile\systemDictionary.cpp, line 210]
Event: 53.393 Thread 0x00000000021ff000 Exception <a 'java/lang/ClassNotFoundException': wis/domain/ClassTypeCustomizer> (0x000000079148b9a8) thrown at [C:\re\workspace\8-2-build-windows-amd64-cygwin\jdk8u211\12973\hotspot\src\share\vm\classfile\systemDictionary.cpp, line 210]
Event: 53.408 Thread 0x00000000021ff000 Exception <a 'java/lang/ClassNotFoundException': java/lang/ObjectCustomizer> (0x00000007915269f0) thrown at [C:\re\workspace\8-2-build-windows-amd64-cygwin\jdk8u211\12973\hotspot\src\share\vm\classfile\systemDictionary.cpp, line 210]
Event: 53.409 Thread 0x00000000021ff000 Exception <a 'java/lang/ClassNotFoundException': wis/domain/CallingCustomizer> (0x0000000791542460) thrown at [C:\re\workspace\8-2-build-windows-amd64-cygwin\jdk8u211\12973\hotspot\src\share\vm\classfile\systemDictionary.cpp, line 210]

Events (10 events):
Event: 53.407 loading class java/lang/ObjectCustomizer
Event: 53.407 loading class java/lang/ObjectCustomizer done
Event: 53.408 loading class java/lang/ObjectCustomizer
Event: 53.408 loading class java/lang/ObjectCustomizer done
Event: 53.408 loading class wis/domain/CallingCustomizer
Event: 53.408 loading class wis/domain/CallingCustomizer done
Event: 53.409 loading class wis/domain/CallingCustomizer
Event: 53.409 loading class wis/domain/CallingCustomizer done
Event: 53.409 loading class wis/domain/CallingCustomizer
Event: 53.409 loading class wis/domain/CallingCustomizer done


Dynamic libraries:
0x000000013f420000 - 0x000000013f457000 	C:\Program Files\Java\jre1.8.0_211\bin\javaw.exe
0x0000000077340000 - 0x00000000774ea000 	C:\Windows\SYSTEM32\ntdll.dll
0x000007fed8f50000 - 0x000007fed8f62000 	C:\Program Files (x86)\AVG\Antivirus\aswhook.dll
0x0000000077120000 - 0x000000007723f000 	C:\Windows\system32\kernel32.dll
0x000007fefd070000 - 0x000007fefd0da000 	C:\Windows\system32\KERNELBASE.dll
0x000007feff1d0000 - 0x000007feff2ab000 	C:\Windows\system32\ADVAPI32.dll
0x000007fefd570000 - 0x000007fefd60f000 	C:\Windows\system32\msvcrt.dll
0x000007fefd6b0000 - 0x000007fefd6cf000 	C:\Windows\SYSTEM32\sechost.dll
0x000007fefdc80000 - 0x000007fefddad000 	C:\Windows\system32\RPCRT4.dll
0x0000000077240000 - 0x000000007733a000 	C:\Windows\system32\USER32.dll
0x000007fefd3f0000 - 0x000007fefd457000 	C:\Windows\system32\GDI32.dll
0x000007fefe1b0000 - 0x000007fefe1be000 	C:\Windows\system32\LPK.dll
0x000007fefddb0000 - 0x000007fefde7b000 	C:\Windows\system32\USP10.dll
0x000007fefba30000 - 0x000007fefbc24000 	C:\Windows\WinSxS\amd64_microsoft.windows.common-controls_6595b64144ccf1df_6.0.7601.18837_none_fa3b1e3d17594757\COMCTL32.dll
0x000007fefe1e0000 - 0x000007fefe251000 	C:\Windows\system32\SHLWAPI.dll
0x000007feff480000 - 0x000007feff4ae000 	C:\Windows\system32\IMM32.DLL
0x000007fefd460000 - 0x000007fefd569000 	C:\Windows\system32\MSCTF.dll
0x000000005f260000 - 0x000000005f332000 	C:\Program Files\Java\jre1.8.0_211\bin\msvcr100.dll
0x0000000057d20000 - 0x00000000585c5000 	C:\Program Files\Java\jre1.8.0_211\bin\server\jvm.dll
0x000007fefa7f0000 - 0x000007fefa7f9000 	C:\Windows\system32\WSOCK32.dll
0x000007feff390000 - 0x000007feff3dd000 	C:\Windows\system32\WS2_32.dll
0x000007feff4b0000 - 0x000007feff4b8000 	C:\Windows\system32\NSI.dll
0x000007fef63c0000 - 0x000007fef63fb000 	C:\Windows\system32\WINMM.dll
0x000007fefc0c0000 - 0x000007fefc0cc000 	C:\Windows\system32\VERSION.dll
0x0000000077500000 - 0x0000000077507000 	C:\Windows\system32\PSAPI.DLL
0x000007fef48b0000 - 0x000007fef48bf000 	C:\Program Files\Java\jre1.8.0_211\bin\verify.dll
0x000007fee1c60000 - 0x000007fee1c89000 	C:\Program Files\Java\jre1.8.0_211\bin\java.dll
0x000007fef4890000 - 0x000007fef48a6000 	C:\Program Files\Java\jre1.8.0_211\bin\zip.dll
0x000007fefe260000 - 0x000007fefefea000 	C:\Windows\system32\SHELL32.dll
0x000007fefda00000 - 0x000007fefdbfc000 	C:\Windows\system32\ole32.dll
0x000007fefd030000 - 0x000007fefd03f000 	C:\Windows\system32\profapi.dll
0x000007fef5210000 - 0x000007fef521d000 	C:\Program Files\Java\jre1.8.0_211\bin\management.dll
0x000007fee1cf0000 - 0x000007fee1d0a000 	C:\Program Files\Java\jre1.8.0_211\bin\net.dll
0x000007feff4c0000 - 0x000007feff645000 	C:\Windows\system32\urlmon.dll
0x000007fefd190000 - 0x000007fefd194000 	C:\Windows\system32\api-ms-win-downlevel-ole32-l1-1-0.dll
0x000007fefd3e0000 - 0x000007fefd3e4000 	C:\Windows\system32\api-ms-win-downlevel-shlwapi-l1-1-0.dll
0x000007fefd1a0000 - 0x000007fefd1a5000 	C:\Windows\system32\api-ms-win-downlevel-advapi32-l1-1-0.dll
0x000007fefd0e0000 - 0x000007fefd0e4000 	C:\Windows\system32\api-ms-win-downlevel-user32-l1-1-0.dll
0x000007fefd3d0000 - 0x000007fefd3d4000 	C:\Windows\system32\api-ms-win-downlevel-version-l1-1-0.dll
0x000007fefd360000 - 0x000007fefd363000 	C:\Windows\system32\api-ms-win-downlevel-normaliz-l1-1-0.dll
0x0000000077510000 - 0x0000000077513000 	C:\Windows\system32\normaliz.DLL
0x000007fefd730000 - 0x000007fefd9fb000 	C:\Windows\system32\iertutil.dll
0x000007fefde80000 - 0x000007fefe1a1000 	C:\Windows\system32\WININET.dll
0x000007fefd050000 - 0x000007fefd06e000 	C:\Windows\system32\USERENV.dll
0x000007fefc7c0000 - 0x000007fefc815000 	C:\Windows\system32\mswsock.dll
0x000007fefc7b0000 - 0x000007fefc7b7000 	C:\Windows\System32\wship6.dll
0x000007fefac60000 - 0x000007fefac75000 	C:\Windows\system32\NLAapi.dll
0x000007fef4650000 - 0x000007fef4665000 	C:\Windows\system32\napinsp.dll
0x000007fef45d0000 - 0x000007fef45e9000 	C:\Windows\system32\pnrpnsp.dll
0x000007fefc640000 - 0x000007fefc69b000 	C:\Windows\system32\DNSAPI.dll
0x000007fef45c0000 - 0x000007fef45cb000 	C:\Windows\System32\winrnr.dll
0x0000000066f90000 - 0x0000000066fbe000 	C:\Program Files\Common Files\Microsoft Shared\Windows Live\WLIDNSP.DLL
0x000007fefc1e0000 - 0x000007fefc1e7000 	C:\Windows\System32\wshtcpip.dll
0x000007fefaad0000 - 0x000007fefaaf7000 	C:\Windows\system32\IPHLPAPI.DLL
0x000007fefaac0000 - 0x000007fefaacb000 	C:\Windows\system32\WINNSI.DLL
0x000007fef4170000 - 0x000007fef4178000 	C:\Windows\system32\rasadhlp.dll
0x000007fefa850000 - 0x000007fefa8a3000 	C:\Windows\System32\fwpuclnt.dll
0x000007fee1c40000 - 0x000007fee1c52000 	C:\Program Files\Java\jre1.8.0_211\bin\nio.dll
0x000007fefc820000 - 0x000007fefc838000 	C:\Windows\system32\CRYPTSP.dll
0x000007fefc520000 - 0x000007fefc567000 	C:\Windows\system32\rsaenh.dll
0x000007fefced0000 - 0x000007fefcedf000 	C:\Windows\system32\CRYPTBASE.dll
0x000007fefa820000 - 0x000007fefa831000 	C:\Windows\system32\dhcpcsvc6.DLL
0x000007fefa800000 - 0x000007fefa818000 	C:\Windows\system32\dhcpcsvc.DLL
0x000007fef8640000 - 0x000007fef8765000 	C:\Windows\system32\dbghelp.dll

VM Arguments:
jvm_args: -Dfile.encoding=UTF-8 
java_command: wis.WISApplication
java_class_path (initial): D:\Faks\Treca godina\Drugi semestar\VELIKI PROJEKAT\git\wis-master\target\classes;C:\Users\Budincevic\.m2\repository\org\springframework\boot\spring-boot-starter-data-jpa\2.0.1.RELEASE\spring-boot-starter-data-jpa-2.0.1.RELEASE.jar;C:\Users\Budincevic\.m2\repository\org\springframework\boot\spring-boot-starter-aop\2.0.1.RELEASE\spring-boot-starter-aop-2.0.1.RELEASE.jar;C:\Users\Budincevic\.m2\repository\org\springframework\spring-aop\5.0.5.RELEASE\spring-aop-5.0.5.RELEASE.jar;C:\Users\Budincevic\.m2\repository\org\aspectj\aspectjweaver\1.8.13\aspectjweaver-1.8.13.jar;C:\Users\Budincevic\.m2\repository\org\springframework\boot\spring-boot-starter-jdbc\2.0.1.RELEASE\spring-boot-starter-jdbc-2.0.1.RELEASE.jar;C:\Users\Budincevic\.m2\repository\com\zaxxer\HikariCP\2.7.8\HikariCP-2.7.8.jar;C:\Users\Budincevic\.m2\repository\org\springframework\spring-jdbc\5.0.5.RELEASE\spring-jdbc-5.0.5.RELEASE.jar;C:\Users\Budincevic\.m2\repository\org\hibernate\hibernate-core\5.2.16.Final\hibernate-core-5.2.16.Final.jar;C:\Users\Budincevic\.m2\repository\org\hibernate\javax\persistence\hibernate-jpa-2.1-api\1.0.0.Final\hibernate-jpa-2.1-api-1.0.0.Final.jar;C:\Users\Budincevic\.m2\repository\org\javassist\javassist\3.22.0-GA\javassist-3.22.0-GA.jar;C:\Users\Budincevic\.m2\repository\antlr\antlr\2.7.7\antlr-2.7.7.jar;C:\Users\Budincevic\.m2\repository\org\jboss\jandex\2.0.3.Final\jandex-2.0.3.Final.jar;C:\Users\Budincevic\.m2\repository\com\fasterxml\classmate\1.3.4\classmate-1.3.4.jar;C:\Users\Budincevic\.m2\repository\dom4j\dom4j\1.6.1\dom4j-1.6.1.jar;C:\Users\Budincevic\.m2\repository\org\hibernate\common\hibernate-commons-annotations\5.0.1.Final\hibernate-commons-annotations-5.0.1.Final.jar;C:\Users\Budincevic\.m2\repository\javax\transaction\javax.transaction-api\1.2\javax.transaction-api-1.2.jar;C:\Users\Budincevic\.m2\repository\org\springframework\data\spring-data-jpa\2.0.6.RELEASE\spring-data-jpa-2.0.6.RELEASE.jar;C:\Users\Budincevic\.m2\repository\o
Launcher Type: SUN_STANDARD

Environment Variables:
PATH=C:/Program Files/Java/jre1.8.0_211/bin/server;C:/Program Files/Java/jre1.8.0_211/bin;C:/Program Files/Java/jre1.8.0_211/lib/amd64;C:\Program Files (x86)\Common Files\Oracle\Java\javapath;C:\Program Files (x86)\NVIDIA Corporation\PhysX\Common;C:\ProgramData\Oracle\Java\javapath;C:\Program Files\Common Files\Microsoft Shared\Windows Live;C:\Program Files (x86)\AMD APP\bin\x86_64;C:\Program Files (x86)\AMD APP\bin\x86;C:\Windows\system32;C:\Windows;C:\Windows\System32\Wbem;C:\Windows\System32\WindowsPowerShell\v1.0\;C:\Program Files (x86)\ATI Technologies\ATI.ACE\Core-Static;C:\Program Files (x86)\Microsoft SQL Server\100\Tools\Binn\;C:\Program Files\Microsoft SQL Server\100\Tools\Binn\;C:\Program Files\Microsoft SQL Server\100\DTS\Binn\;C:\Program Files (x86)\Microsoft SQL Server\100\Tools\Binn\VSShell\Common7\IDE\;C:\Program Files (x86)\Microsoft SQL Server\100\DTS\Binn\;C:\Program Files\Microsoft SQL Server\110\Tools\Binn\;C:\Program Files (x86)\Microsoft SDKs\TypeScript\1.0\;C:\Program Files\Microsoft SQL Server\120\Tools\Binn\;C:\Program Files\MySQL\MySQL Utilities 1.6\;D:\Visual Studio Code\nodejs\;C:\Program Files\Git\cmd;C:\Program Files\Common Files\Microsoft Shared\Windows Live;D:\Visual Studio\Microsoft VS Code\bin;C:\Users\Budincevic\AppData\Roaming\npm;C:\Windows\system32;
USERNAME=Budincevic
OS=Windows_NT
PROCESSOR_IDENTIFIER=AMD64 Family 16 Model 5 Stepping 2, AuthenticAMD



---------------  S Y S T E M  ---------------

OS: Windows 7 , 64 bit Build 7601 (6.1.7601.23915)

CPU:total 4 (initial active 4) (4 cores per cpu, 1 threads per core) family 16 model 5 stepping 2, cmov, cx8, fxsr, mmx, sse, sse2, sse3, popcnt, mmxext, 3dnowpref, lzcnt, sse4a, tsc, tscinvbit, tscinv

Memory: 4k page, physical 10484916k(3984420k free), swap 20967972k(13330580k free)

vm_info: Java HotSpot(TM) 64-Bit Server VM (25.211-b12) for windows-amd64 JRE (1.8.0_211-b12), built on Apr  1 2019 20:53:26 by "java_re" with MS VC++ 10.0 (VS2010)

time: Fri Apr 26 15:54:57 2019
timezone: Central Europe Daylight Time
elapsed time: 53 seconds (0d 0h 0m 53s)

