#
# A fatal error has been detected by the Java Runtime Environment:
#
#  EXCEPTION_ACCESS_VIOLATION (0xc0000005) at pc=0x00000000027f55bb, pid=5300, tid=0x00000000000017d0
#
# JRE version: Java(TM) SE Runtime Environment (8.0_211-b12) (build 1.8.0_211-b12)
# Java VM: Java HotSpot(TM) 64-Bit Server VM (25.211-b12 mixed mode windows-amd64 compressed oops)
# Problematic frame:
# J 172 C1 java.util.concurrent.ConcurrentHashMap.tabAt([Ljava/util/concurrent/ConcurrentHashMap$Node;I)Ljava/util/concurrent/ConcurrentHashMap$Node; (21 bytes) @ 0x00000000027f55bb [0x00000000027f55a0+0x1b]
#
# Failed to write core dump. Minidumps are not enabled by default on client versions of Windows
#
# If you would like to submit a bug report, please visit:
#   http://bugreport.java.com/bugreport/crash.jsp
#

---------------  T H R E A D  ---------------

Current thread (0x00000000020ef000):  JavaThread "main" [_thread_in_Java, id=6096, stack(0x0000000002220000,0x0000000002320000)]

siginfo: ExceptionCode=0xc0000005, writing address 0xffffffff99991540

Registers:
RAX=0x0000000018100c80, RBX=0x0000000018100c80, RCX=0x0000000018106770, RDX=0x000000078aca0e50
RSP=0x000000000231c158, RBP=0x000000000231c210, RSI=0x000000000000002e, RDI=0x000000007846829f
R8 =0x0000000000000006, R9 =0x0000000000000072, R10=0x00000000623476a0, R11=0x00000000027f55a0
R12=0x0000000000000000, R13=0x000000000231c1c0, R14=0x000000000231c2a0, R15=0x00000000020ef000
RIP=0x00000000027f55bb, EFLAGS=0x0000000000010203

Top of Stack: (sp=0x000000000231c158)
0x000000000231c158:   000000001e1178b9 00000000181269d8
0x000000000231c168:   000000007fffffff 00000000ae73aed6
0x000000000231c178:   000000000231c178 0000000018100968
0x000000000231c188:   000000000231c1c8 0000000018106770
0x000000000231c198:   0000000000000000 000000000231c210
0x000000000231c1a8:   00000000026880e0 000000000231c1c8
0x000000000231c1b8:   00000000026880e0 0000000000000006
0x000000000231c1c8:   000000078aca0e50 000000000231c1d0
0x000000000231c1d8:   0000000018101655 000000000231c2a0
0x000000000231c1e8:   0000000018106770 0000000000000000
0x000000000231c1f8:   0000000018101790 000000000231c1c0
0x000000000231c208:   000000000231c288 000000000231c2e8
0x000000000231c218:   00000000026880e0 0000000000000000
0x000000000231c228:   0000000000000000 0000000000000000
0x000000000231c238:   0000000000000000 0000000000000000
0x000000000231c248:   0000000000000000 0000000000000000 

Instructions: (pc=0x00000000027f55bb)
0x00000000027f559b:   fe 06 90 0c 64 89 84 24 00 a0 ff ff 55 48 83 ec
0x00000000027f55ab:   40 68 b9 78 11 1e 18 00 00 00 00 8b 81 dc 00 00
0x00000000027f55bb:   00 83 c0 08 89 81 dc 00 00 00 48 b9 80 0c 10 18
0x00000000027f55cb:   00 00 00 00 81 e0 f8 1f 00 00 83 f8 00 0f 84 0c 


Register to memory mapping:

RAX={method} {0x0000000018100c88} 'tabAt' '([Ljava/util/concurrent/ConcurrentHashMap$Node;I)Ljava/util/concurrent/ConcurrentHashMap$Node;' in 'java/util/concurrent/ConcurrentHashMap'
RBX={method} {0x0000000018100c88} 'tabAt' '([Ljava/util/concurrent/ConcurrentHashMap$Node;I)Ljava/util/concurrent/ConcurrentHashMap$Node;' in 'java/util/concurrent/ConcurrentHashMap'
RCX=0x0000000018106770 is pointing into metadata
RDX=0x000000078aca0e50 is an oop
[Ljava.util.concurrent.ConcurrentHashMap$Node; 
 - klass: 'java/util/concurrent/ConcurrentHashMap$Node'[]
 - length: 16
RSP=0x000000000231c158 is pointing into the stack for thread: 0x00000000020ef000
RBP=0x000000000231c210 is pointing into the stack for thread: 0x00000000020ef000
RSI=0x000000000000002e is an unknown value
RDI=0x000000007846829f is an unknown value
R8 =0x0000000000000006 is an unknown value
R9 =0x0000000000000072 is an unknown value
R10=0x00000000623476a0 is an unknown value
R11=0x00000000027f55a0 is at entry_point+0 in (nmethod*)0x00000000027f5450
R12=0x0000000000000000 is an unknown value
R13=0x000000000231c1c0 is pointing into the stack for thread: 0x00000000020ef000
R14=0x000000000231c2a0 is pointing into the stack for thread: 0x00000000020ef000
R15=0x00000000020ef000 is a thread


Stack: [0x0000000002220000,0x0000000002320000],  sp=0x000000000231c158,  free space=1008k
Native frames: (J=compiled Java code, j=interpreted, Vv=VM code, C=native code)
C  0x00000000027f55bb


---------------  P R O C E S S  ---------------

Java Threads: ( => current thread )
  0x0000000019eb0000 JavaThread "Service Thread" daemon [_thread_blocked, id=5132, stack(0x000000001a920000,0x000000001aa20000)]
  0x0000000019e3f000 JavaThread "C1 CompilerThread2" daemon [_thread_blocked, id=6092, stack(0x000000001a7b0000,0x000000001a8b0000)]
  0x0000000019e3c000 JavaThread "C2 CompilerThread1" daemon [_thread_blocked, id=5808, stack(0x000000001a540000,0x000000001a640000)]
  0x0000000018968000 JavaThread "C2 CompilerThread0" daemon [_thread_in_native, id=2076, stack(0x000000001a3c0000,0x000000001a4c0000)]
  0x0000000019e29800 JavaThread "Attach Listener" daemon [_thread_blocked, id=2112, stack(0x0000000019ac0000,0x0000000019bc0000)]
  0x0000000019e26800 JavaThread "Signal Dispatcher" daemon [_thread_blocked, id=5568, stack(0x000000001a280000,0x000000001a380000)]
  0x0000000018951800 JavaThread "Finalizer" daemon [_thread_blocked, id=1840, stack(0x0000000019d20000,0x0000000019e20000)]
  0x000000001890a800 JavaThread "Reference Handler" daemon [_thread_blocked, id=4228, stack(0x0000000019bc0000,0x0000000019cc0000)]
=>0x00000000020ef000 JavaThread "main" [_thread_in_Java, id=6096, stack(0x0000000002220000,0x0000000002320000)]

Other Threads:
  0x0000000018903000 VMThread [stack: 0x0000000019940000,0x0000000019a40000] [id=3188]
  0x0000000019f06800 WatcherThread [stack: 0x000000001aac0000,0x000000001abc0000] [id=3612]

VM state:not at safepoint (normal execution)

VM Mutex/Monitor currently owned by a thread: None

heap address: 0x0000000720000000, size: 2560 MB, Compressed Oops mode: Zero based, Oop shift amount: 3
Narrow klass base: 0x0000000000000000, Narrow klass shift: 3
Compressed class space size: 1073741824 Address: 0x00000007c0000000

Heap:
 PSYoungGen      total 47616K, used 5869K [0x000000078ab00000, 0x000000078e000000, 0x00000007c0000000)
  eden space 40960K, 14% used [0x000000078ab00000,0x000000078b0bb438,0x000000078d300000)
  from space 6656K, 0% used [0x000000078d980000,0x000000078d980000,0x000000078e000000)
  to   space 6656K, 0% used [0x000000078d300000,0x000000078d300000,0x000000078d980000)
 ParOldGen       total 109568K, used 0K [0x0000000720000000, 0x0000000726b00000, 0x000000078ab00000)
  object space 109568K, 0% used [0x0000000720000000,0x0000000720000000,0x0000000726b00000)
 Metaspace       used 2867K, capacity 4556K, committed 4864K, reserved 1056768K
  class space    used 312K, capacity 392K, committed 512K, reserved 1048576K

Card table byte_map: [0x0000000011a40000,0x0000000011f50000] byte_map_base: 0x000000000e140000

Marking Bits: (ParMarkBitMap*) 0x0000000062365ce0
 Begin Bits: [0x0000000012a70000, 0x0000000015270000)
 End Bits:   [0x0000000015270000, 0x0000000017a70000)

Polling page: 0x0000000000430000

CodeCache: size=245760Kb used=1481Kb max_used=1491Kb free=244278Kb
 bounds [0x0000000002680000, 0x00000000028f0000, 0x0000000011680000]
 total_blobs=406 nmethods=172 adapters=148
 compilation: enabled

Compilation events (10 events):
Event: 0.447 Thread 0x0000000019e3f000  168   !   3       sun.misc.URLClassPath$JarLoader::getResource (85 bytes)
Event: 0.448 Thread 0x0000000019e3f000 nmethod 168 0x00000000027efad0 code [0x00000000027efd20, 0x00000000027f0928]
Event: 0.449 Thread 0x0000000019e3f000  169       3       java.lang.String::substring (79 bytes)
Event: 0.449 Thread 0x0000000019e3c000  170       4       sun.nio.cs.UTF_8$Encoder::encode (359 bytes)
Event: 0.449 Thread 0x0000000019e3f000 nmethod 169 0x00000000027edc10 code [0x00000000027eddc0, 0x00000000027ee278]
Event: 0.451 Thread 0x0000000019e3f000  171       3       java.util.Arrays::copyOf (19 bytes)
Event: 0.452 Thread 0x0000000019e3f000 nmethod 171 0x00000000027ed650 code [0x00000000027ed7c0, 0x00000000027edae8]
Event: 0.453 Thread 0x0000000019e3c000 nmethod 170 0x00000000027ed190 code [0x00000000027ed2e0, 0x00000000027ed518]
Event: 0.455 Thread 0x0000000019e3f000  172       3       java.util.concurrent.ConcurrentHashMap::tabAt (21 bytes)
Event: 0.456 Thread 0x0000000019e3f000 nmethod 172 0x00000000027f5450 code [0x00000000027f55a0, 0x00000000027f57d0]

GC Heap History (0 events):
No events

Deoptimization events (1 events):
Event: 0.286 Thread 0x00000000020ef000 Uncommon trap: reason=unstable_if action=reinterpret pc=0x000000000278e3b4 method=java.lang.String.hashCode()I @ 14

Classes redefined (0 events):
No events

Internal exceptions (4 events):
Event: 0.044 Thread 0x00000000020ef000 Exception <a 'java/lang/NoSuchMethodError': Method sun.misc.Unsafe.defineClass(Ljava/lang/String;[BII)Ljava/lang/Class; name or signature does not match> (0x000000078ab07cb0) thrown at [C:\re\workspace\8-2-build-windows-amd64-cygwin\jdk8u211\12973\hotspot
Event: 0.044 Thread 0x00000000020ef000 Exception <a 'java/lang/NoSuchMethodError': Method sun.misc.Unsafe.prefetchRead(Ljava/lang/Object;J)V name or signature does not match> (0x000000078ab07f98) thrown at [C:\re\workspace\8-2-build-windows-amd64-cygwin\jdk8u211\12973\hotspot\src\share\vm\prim
Event: 0.413 Thread 0x00000000020ef000 Exception <a 'java/security/PrivilegedActionException'> (0x000000078af3c7a8) thrown at [C:\re\workspace\8-2-build-windows-amd64-cygwin\jdk8u211\12973\hotspot\src\share\vm\prims\jvm.cpp, line 1502]
Event: 0.414 Thread 0x00000000020ef000 Exception <a 'java/security/PrivilegedActionException'> (0x000000078af3c9b8) thrown at [C:\re\workspace\8-2-build-windows-amd64-cygwin\jdk8u211\12973\hotspot\src\share\vm\prims\jvm.cpp, line 1502]

Events (10 events):
Event: 0.453 loading class java/lang/IllegalStateException
Event: 0.453 loading class java/lang/IllegalStateException done
Event: 0.453 loading class org/springframework/context/ApplicationEvent
Event: 0.453 loading class org/springframework/context/ApplicationEvent done
Event: 0.454 loading class java/util/EventObject
Event: 0.454 loading class java/util/EventObject done
Event: 0.454 loading class org/springframework/boot/ExitCodeEvent
Event: 0.454 loading class org/springframework/boot/ExitCodeEvent done
Event: 0.456 loading class org/springframework/core/env/ConfigurableEnvironment
Event: 0.456 loading class org/springframework/core/env/ConfigurableEnvironment done


Dynamic libraries:
0x000000013f910000 - 0x000000013f947000 	C:\Program Files\Java\jre1.8.0_211\bin\javaw.exe
0x00000000773a0000 - 0x000000007754a000 	C:\Windows\SYSTEM32\ntdll.dll
0x000007fee9be0000 - 0x000007fee9bf2000 	C:\Program Files (x86)\AVG\Antivirus\aswhook.dll
0x0000000077280000 - 0x000000007739f000 	C:\Windows\system32\kernel32.dll
0x000007fefd340000 - 0x000007fefd3aa000 	C:\Windows\system32\KERNELBASE.dll
0x000007fefd5c0000 - 0x000007fefd69b000 	C:\Windows\system32\ADVAPI32.dll
0x000007feff440000 - 0x000007feff4df000 	C:\Windows\system32\msvcrt.dll
0x000007feff2f0000 - 0x000007feff30f000 	C:\Windows\SYSTEM32\sechost.dll
0x000007feff310000 - 0x000007feff43d000 	C:\Windows\system32\RPCRT4.dll
0x0000000077180000 - 0x000000007727a000 	C:\Windows\system32\USER32.dll
0x000007feff640000 - 0x000007feff6a7000 	C:\Windows\system32\GDI32.dll
0x000007fefd5b0000 - 0x000007fefd5be000 	C:\Windows\system32\LPK.dll
0x000007feff4e0000 - 0x000007feff5ab000 	C:\Windows\system32\USP10.dll
0x000007fefba90000 - 0x000007fefbc84000 	C:\Windows\WinSxS\amd64_microsoft.windows.common-controls_6595b64144ccf1df_6.0.7601.18837_none_fa3b1e3d17594757\COMCTL32.dll
0x000007fefda70000 - 0x000007fefdae1000 	C:\Windows\system32\SHLWAPI.dll
0x000007fefdf60000 - 0x000007fefdf8e000 	C:\Windows\system32\IMM32.DLL
0x000007fefd4a0000 - 0x000007fefd5a9000 	C:\Windows\system32\MSCTF.dll
0x00000000652d0000 - 0x00000000653a2000 	C:\Program Files\Java\jre1.8.0_211\bin\msvcr100.dll
0x0000000061b40000 - 0x00000000623e5000 	C:\Program Files\Java\jre1.8.0_211\bin\server\jvm.dll
0x000007fefa850000 - 0x000007fefa859000 	C:\Windows\system32\WSOCK32.dll
0x000007fefd450000 - 0x000007fefd49d000 	C:\Windows\system32\WS2_32.dll
0x000007feff630000 - 0x000007feff638000 	C:\Windows\system32\NSI.dll
0x000007fef90c0000 - 0x000007fef90fb000 	C:\Windows\system32\WINMM.dll
0x000007fefc120000 - 0x000007fefc12c000 	C:\Windows\system32\VERSION.dll
0x0000000077570000 - 0x0000000077577000 	C:\Windows\system32\PSAPI.DLL
0x000007fef3330000 - 0x000007fef333f000 	C:\Program Files\Java\jre1.8.0_211\bin\verify.dll
0x000007feeaa00000 - 0x000007feeaa29000 	C:\Program Files\Java\jre1.8.0_211\bin\java.dll
0x000007fee9bc0000 - 0x000007fee9bd6000 	C:\Program Files\Java\jre1.8.0_211\bin\zip.dll
0x000007fefdf90000 - 0x000007fefed1a000 	C:\Windows\system32\SHELL32.dll
0x000007fefdd60000 - 0x000007fefdf5c000 	C:\Windows\system32\ole32.dll
0x000007fefd0a0000 - 0x000007fefd0af000 	C:\Windows\system32\profapi.dll
0x000007fef9a40000 - 0x000007fef9b65000 	C:\Windows\system32\dbghelp.dll

VM Arguments:
jvm_args: -Dfile.encoding=UTF-8 
java_command: wis.WISApplication
java_class_path (initial): D:\Faks\Treca godina\Drugi semestar\VELIKI PROJEKAT\git\wis-master\target\classes;C:\Users\Budincevic\.m2\repository\org\springframework\boot\spring-boot-starter-data-jpa\2.0.1.RELEASE\spring-boot-starter-data-jpa-2.0.1.RELEASE.jar;C:\Users\Budincevic\.m2\repository\org\springframework\boot\spring-boot-starter-aop\2.0.1.RELEASE\spring-boot-starter-aop-2.0.1.RELEASE.jar;C:\Users\Budincevic\.m2\repository\org\springframework\spring-aop\5.0.5.RELEASE\spring-aop-5.0.5.RELEASE.jar;C:\Users\Budincevic\.m2\repository\org\aspectj\aspectjweaver\1.8.13\aspectjweaver-1.8.13.jar;C:\Users\Budincevic\.m2\repository\org\springframework\boot\spring-boot-starter-jdbc\2.0.1.RELEASE\spring-boot-starter-jdbc-2.0.1.RELEASE.jar;C:\Users\Budincevic\.m2\repository\com\zaxxer\HikariCP\2.7.8\HikariCP-2.7.8.jar;C:\Users\Budincevic\.m2\repository\org\springframework\spring-jdbc\5.0.5.RELEASE\spring-jdbc-5.0.5.RELEASE.jar;C:\Users\Budincevic\.m2\repository\org\hibernate\hibernate-core\5.2.16.Final\hibernate-core-5.2.16.Final.jar;C:\Users\Budincevic\.m2\repository\org\hibernate\javax\persistence\hibernate-jpa-2.1-api\1.0.0.Final\hibernate-jpa-2.1-api-1.0.0.Final.jar;C:\Users\Budincevic\.m2\repository\org\javassist\javassist\3.22.0-GA\javassist-3.22.0-GA.jar;C:\Users\Budincevic\.m2\repository\antlr\antlr\2.7.7\antlr-2.7.7.jar;C:\Users\Budincevic\.m2\repository\org\jboss\jandex\2.0.3.Final\jandex-2.0.3.Final.jar;C:\Users\Budincevic\.m2\repository\com\fasterxml\classmate\1.3.4\classmate-1.3.4.jar;C:\Users\Budincevic\.m2\repository\dom4j\dom4j\1.6.1\dom4j-1.6.1.jar;C:\Users\Budincevic\.m2\repository\org\hibernate\common\hibernate-commons-annotations\5.0.1.Final\hibernate-commons-annotations-5.0.1.Final.jar;C:\Users\Budincevic\.m2\repository\javax\transaction\javax.transaction-api\1.2\javax.transaction-api-1.2.jar;C:\Users\Budincevic\.m2\repository\org\springframework\data\spring-data-jpa\2.0.6.RELEASE\spring-data-jpa-2.0.6.RELEASE.jar;C:\Users\Budincevic\.m2\repository\o
Launcher Type: SUN_STANDARD

Environment Variables:
PATH=C:/Program Files/Java/jre1.8.0_211/bin/server;C:/Program Files/Java/jre1.8.0_211/bin;C:/Program Files/Java/jre1.8.0_211/lib/amd64;C:\Program Files (x86)\Common Files\Oracle\Java\javapath;C:\Program Files (x86)\NVIDIA Corporation\PhysX\Common;C:\ProgramData\Oracle\Java\javapath;C:\Program Files\Common Files\Microsoft Shared\Windows Live;C:\Program Files (x86)\AMD APP\bin\x86_64;C:\Program Files (x86)\AMD APP\bin\x86;C:\Windows\system32;C:\Windows;C:\Windows\System32\Wbem;C:\Windows\System32\WindowsPowerShell\v1.0\;C:\Program Files (x86)\ATI Technologies\ATI.ACE\Core-Static;C:\Program Files (x86)\Microsoft SQL Server\100\Tools\Binn\;C:\Program Files\Microsoft SQL Server\100\Tools\Binn\;C:\Program Files\Microsoft SQL Server\100\DTS\Binn\;C:\Program Files (x86)\Microsoft SQL Server\100\Tools\Binn\VSShell\Common7\IDE\;C:\Program Files (x86)\Microsoft SQL Server\100\DTS\Binn\;C:\Program Files\Microsoft SQL Server\110\Tools\Binn\;C:\Program Files (x86)\Microsoft SDKs\TypeScript\1.0\;C:\Program Files\Microsoft SQL Server\120\Tools\Binn\;C:\Program Files\MySQL\MySQL Utilities 1.6\;D:\Visual Studio Code\nodejs\;C:\Program Files\Git\cmd;C:\Program Files\Common Files\Microsoft Shared\Windows Live;D:\Visual Studio\Microsoft VS Code\bin;C:\Users\Budincevic\AppData\Roaming\npm;C:\Windows\system32;
USERNAME=Budincevic
OS=Windows_NT
PROCESSOR_IDENTIFIER=AMD64 Family 16 Model 5 Stepping 2, AuthenticAMD



---------------  S Y S T E M  ---------------

OS: Windows 7 , 64 bit Build 7601 (6.1.7601.23915)

CPU:total 4 (initial active 4) (4 cores per cpu, 1 threads per core) family 16 model 5 stepping 2, cmov, cx8, fxsr, mmx, sse, sse2, sse3, popcnt, mmxext, 3dnowpref, lzcnt, sse4a, tsc, tscinvbit, tscinv

Memory: 4k page, physical 10484916k(5673340k free), swap 20967972k(15689980k free)

vm_info: Java HotSpot(TM) 64-Bit Server VM (25.211-b12) for windows-amd64 JRE (1.8.0_211-b12), built on Apr  1 2019 20:53:26 by "java_re" with MS VC++ 10.0 (VS2010)

time: Mon Apr 29 13:13:39 2019
timezone: Central Europe Daylight Time
elapsed time: 0 seconds (0d 0h 0m 0s)

